TN:
SF:api/constants.js
FNF:0
FNH:0
DA:3,1
LF:1
LH:1
BRF:0
BRH:0
end_of_record
TN:
SF:api/http.js
FN:47,(anonymous_0)
FN:79,(anonymous_1)
FN:98,(anonymous_2)
FN:99,(anonymous_3)
FN:144,(anonymous_4)
FN:146,(anonymous_5)
FNF:6
FNH:6
FNDA:14,(anonymous_0)
FNDA:12,(anonymous_1)
FNDA:5,(anonymous_2)
FNDA:1,(anonymous_3)
FNDA:7,(anonymous_4)
FNDA:1,(anonymous_5)
DA:3,1
DA:5,1
DA:7,1
DA:8,1
DA:10,1
DA:12,1
DA:48,14
DA:49,1
DA:50,13
DA:51,1
DA:52,12
DA:53,1
DA:54,11
DA:55,1
DA:56,10
DA:57,1
DA:60,9
DA:61,9
DA:62,9
DA:63,9
DA:80,12
DA:81,1
DA:82,11
DA:83,1
DA:84,10
DA:85,1
DA:88,9
DA:89,8
DA:92,6
DA:93,6
DA:98,5
DA:100,1
DA:103,5
DA:104,0
DA:105,0
DA:108,5
DA:109,5
DA:111,0
DA:112,0
DA:115,5
DA:120,0
DA:135,8
DA:136,8
DA:137,8
DA:144,7
DA:147,1
DA:151,1
DA:153,7
DA:154,2
DA:156,5
DA:191,1
LF:51
LH:46
BRDA:48,0,0,1
BRDA:48,0,1,13
BRDA:48,1,0,14
BRDA:48,1,1,13
BRDA:48,1,2,13
BRDA:50,2,0,1
BRDA:50,2,1,12
BRDA:50,3,0,13
BRDA:50,3,1,13
BRDA:52,4,0,1
BRDA:52,4,1,11
BRDA:52,5,0,12
BRDA:52,5,1,11
BRDA:54,6,0,1
BRDA:54,6,1,10
BRDA:54,7,0,11
BRDA:54,7,1,10
BRDA:56,8,0,1
BRDA:56,8,1,9
BRDA:56,9,0,10
BRDA:56,9,1,9
BRDA:80,10,0,1
BRDA:80,10,1,11
BRDA:80,11,0,12
BRDA:80,11,1,11
BRDA:82,12,0,1
BRDA:82,12,1,10
BRDA:82,13,0,11
BRDA:82,13,1,10
BRDA:84,14,0,1
BRDA:84,14,1,9
BRDA:84,15,0,10
BRDA:84,15,1,3
BRDA:84,15,2,2
BRDA:88,16,0,8
BRDA:88,16,1,1
BRDA:103,17,0,0
BRDA:103,17,1,5
BRDA:109,18,0,0
BRDA:109,18,1,5
BRDA:153,19,0,2
BRDA:153,19,1,5
BRF:42
BRH:40
end_of_record
TN:
SF:api/user.js
FN:38,get
FN:65,update
FNF:2
FNH:2
FNDA:3,get
FNDA:4,update
DA:3,1
DA:4,1
DA:6,1
DA:7,1
DA:39,3
DA:40,1
DA:43,2
DA:44,1
DA:45,0
DA:47,1
DA:48,1
DA:49,1
DA:50,1
DA:51,1
DA:53,1
DA:66,4
DA:67,1
DA:68,3
DA:69,1
DA:72,2
DA:73,1
DA:74,0
DA:78,1
LF:23
LH:21
BRDA:39,0,0,1
BRDA:39,0,1,2
BRDA:44,1,0,0
BRDA:44,1,1,1
BRDA:50,2,0,1
BRDA:50,2,1,0
BRDA:66,3,0,1
BRDA:66,3,1,3
BRDA:68,4,0,1
BRDA:68,4,1,2
BRDA:68,5,0,3
BRDA:68,5,1,2
BRDA:68,5,2,2
BRDA:73,6,0,0
BRDA:73,6,1,1
BRF:15
BRH:12
end_of_record
TN:
SF:api/callback/http.js
FN:38,(anonymous_0)
FN:71,(anonymous_1)
FN:92,innerRequest
FN:98,(anonymous_3)
FN:113,(anonymous_4)
FN:128,(anonymous_5)
FN:164,(anonymous_6)
FNF:7
FNH:6
FNDA:14,(anonymous_0)
FNDA:13,(anonymous_1)
FNDA:12,innerRequest
FNDA:7,(anonymous_3)
FNDA:5,(anonymous_4)
FNDA:0,(anonymous_5)
FNDA:7,(anonymous_6)
DA:3,1
DA:5,1
DA:7,1
DA:9,1
DA:11,1
DA:39,14
DA:40,1
DA:41,13
DA:42,1
DA:43,12
DA:44,1
DA:45,11
DA:46,1
DA:47,10
DA:48,1
DA:51,9
DA:52,9
DA:53,9
DA:54,9
DA:72,13
DA:73,1
DA:74,12
DA:75,1
DA:77,11
DA:78,6
DA:79,6
DA:81,11
DA:82,1
DA:84,10
DA:85,2
DA:88,8
DA:89,8
DA:90,8
DA:91,8
DA:92,8
DA:93,12
DA:94,0
DA:97,12
DA:98,7
DA:99,7
DA:100,3
DA:102,4
DA:103,4
DA:104,4
DA:108,5
DA:114,5
DA:115,1
DA:117,4
DA:118,4
DA:120,0
DA:121,0
DA:125,4
DA:126,4
DA:127,4
DA:128,0
DA:129,0
DA:130,0
DA:132,0
DA:133,0
DA:134,0
DA:137,4
DA:151,7
DA:152,0
DA:154,7
DA:155,7
DA:156,7
DA:165,7
DA:166,1
DA:170,1
DA:171,6
DA:172,2
DA:174,4
DA:210,1
LF:73
LH:63
BRDA:39,0,0,1
BRDA:39,0,1,13
BRDA:39,1,0,14
BRDA:39,1,1,13
BRDA:39,1,2,13
BRDA:41,2,0,1
BRDA:41,2,1,12
BRDA:41,3,0,13
BRDA:41,3,1,13
BRDA:43,4,0,1
BRDA:43,4,1,11
BRDA:43,5,0,12
BRDA:43,5,1,11
BRDA:45,6,0,1
BRDA:45,6,1,10
BRDA:45,7,0,11
BRDA:45,7,1,10
BRDA:47,8,0,1
BRDA:47,8,1,9
BRDA:47,9,0,10
BRDA:47,9,1,9
BRDA:72,10,0,1
BRDA:72,10,1,12
BRDA:72,11,0,13
BRDA:72,11,1,12
BRDA:74,12,0,1
BRDA:74,12,1,11
BRDA:74,13,0,12
BRDA:74,13,1,11
BRDA:77,14,0,6
BRDA:77,14,1,5
BRDA:81,15,0,1
BRDA:81,15,1,10
BRDA:81,16,0,11
BRDA:81,16,1,5
BRDA:81,16,2,4
BRDA:84,17,0,2
BRDA:84,17,1,8
BRDA:93,18,0,0
BRDA:93,18,1,12
BRDA:97,19,0,7
BRDA:97,19,1,5
BRDA:99,20,0,3
BRDA:99,20,1,4
BRDA:114,21,0,1
BRDA:114,21,1,4
BRDA:115,22,0,1
BRDA:115,22,1,0
BRDA:118,23,0,0
BRDA:118,23,1,4
BRDA:127,24,0,0
BRDA:127,24,1,4
BRDA:129,25,0,0
BRDA:129,25,1,0
BRDA:151,26,0,0
BRDA:151,26,1,7
BRDA:165,27,0,1
BRDA:165,27,1,6
BRDA:171,28,0,2
BRDA:171,28,1,4
BRF:60
BRH:53
end_of_record
TN:
SF:api/callback/user.js
FN:36,get
FN:43,(anonymous_1)
FN:68,update
FN:77,(anonymous_3)
FNF:4
FNH:4
FNDA:4,get
FNDA:2,(anonymous_1)
FNDA:5,update
FNDA:2,(anonymous_3)
DA:3,1
DA:5,1
DA:6,1
DA:37,4
DA:38,1
DA:39,3
DA:40,1
DA:43,2
DA:44,2
DA:45,1
DA:46,1
DA:47,0
DA:49,1
DA:50,1
DA:51,1
DA:52,1
DA:53,1
DA:55,1
DA:69,5
DA:70,1
DA:71,4
DA:72,1
DA:73,3
DA:74,1
DA:77,2
DA:78,2
DA:79,1
DA:81,1
DA:85,1
LF:29
LH:28
BRDA:37,0,0,1
BRDA:37,0,1,3
BRDA:39,1,0,1
BRDA:39,1,1,2
BRDA:44,2,0,1
BRDA:44,2,1,1
BRDA:46,3,0,0
BRDA:46,3,1,1
BRDA:52,4,0,1
BRDA:52,4,1,0
BRDA:69,5,0,1
BRDA:69,5,1,4
BRDA:71,6,0,1
BRDA:71,6,1,3
BRDA:71,7,0,4
BRDA:71,7,1,3
BRDA:71,7,2,3
BRDA:73,8,0,1
BRDA:73,8,1,2
BRDA:78,9,0,1
BRDA:78,9,1,1
BRDA:81,10,0,1
BRDA:81,10,1,0
BRF:23
BRH:20
end_of_record
TN:
SF:middlewares/auth.js
FN:28,authMiddleware
FN:34,(anonymous_1)
FN:48,(anonymous_2)
FN:49,(anonymous_3)
FN:70,(anonymous_4)
FNF:5
FNH:5
FNDA:4,authMiddleware
FNDA:7,(anonymous_1)
FNDA:2,(anonymous_2)
FNDA:2,(anonymous_3)
FNDA:1,(anonymous_4)
DA:3,1
DA:5,1
DA:7,1
DA:34,4
DA:35,7
DA:36,7
DA:37,2
DA:39,5
DA:40,5
DA:41,2
DA:44,3
DA:48,2
DA:50,2
DA:51,0
DA:55,2
DA:56,1
DA:57,1
DA:58,0
DA:64,1
DA:68,1
DA:71,1
DA:79,1
LF:22
LH:20
BRDA:36,0,0,2
BRDA:36,0,1,5
BRDA:40,1,0,2
BRDA:40,1,1,3
BRDA:40,2,0,5
BRDA:40,2,1,4
BRDA:50,3,0,0
BRDA:50,3,1,2
BRDA:55,4,0,1
BRDA:55,4,1,1
BRDA:57,5,0,0
BRDA:57,5,1,1
BRF:12
BRH:10
end_of_record
TN:
SF:mq/application.js
FN:118,(anonymous_0)
FN:174,(anonymous_1)
FN:181,(anonymous_2)
FN:188,(anonymous_3)
FN:195,(anonymous_4)
FN:202,(anonymous_5)
FN:209,(anonymous_6)
FN:226,(anonymous_7)
FN:246,(anonymous_8)
FN:324,(anonymous_9)
FN:332,(anonymous_10)
FN:340,(anonymous_11)
FNF:12
FNH:12
FNDA:50,(anonymous_0)
FNDA:2,(anonymous_1)
FNDA:2,(anonymous_2)
FNDA:2,(anonymous_3)
FNDA:2,(anonymous_4)
FNDA:4,(anonymous_5)
FNDA:2,(anonymous_6)
FNDA:22,(anonymous_7)
FNDA:22,(anonymous_8)
FNDA:7,(anonymous_9)
FNDA:7,(anonymous_10)
FNDA:7,(anonymous_11)
DA:3,1
DA:4,1
DA:6,1
DA:7,1
DA:8,1
DA:16,1
DA:17,1
DA:119,50
DA:121,50
DA:122,2
DA:123,48
DA:124,2
DA:125,46
DA:126,2
DA:127,44
DA:128,2
DA:129,42
DA:130,2
DA:131,40
DA:136,2
DA:139,38
DA:140,36
DA:141,20
DA:143,20
DA:144,20
DA:145,20
DA:146,20
DA:147,20
DA:148,20
DA:149,20
DA:150,20
DA:151,20
DA:153,20
DA:154,20
DA:155,20
DA:157,20
DA:158,20
DA:160,20
DA:161,20
DA:162,20
DA:164,20
DA:165,20
DA:166,20
DA:168,20
DA:175,2
DA:182,2
DA:189,2
DA:196,2
DA:203,4
DA:210,2
DA:227,22
DA:228,22
DA:229,22
DA:230,22
DA:231,22
DA:232,22
DA:233,22
DA:234,22
DA:235,22
DA:247,22
DA:248,2
DA:249,20
DA:250,2
DA:251,18
DA:252,2
DA:253,16
DA:254,2
DA:255,14
DA:256,2
DA:257,12
DA:258,2
DA:259,10
DA:265,2
DA:267,8
DA:268,6
DA:269,4
DA:273,4
DA:281,4
DA:282,4
DA:290,160
DA:296,20
DA:298,140
DA:301,160
DA:302,140
DA:304,20
DA:305,20
DA:313,23
DA:314,23
DA:316,2
DA:317,2
DA:320,21
DA:321,7
DA:322,7
DA:323,7
DA:324,7
DA:325,7
DA:326,2
DA:328,5
DA:331,14
DA:332,7
DA:333,7
DA:334,2
DA:336,5
DA:339,7
DA:340,7
DA:341,7
DA:342,2
DA:344,5
DA:348,0
DA:380,1
DA:382,1
LF:111
LH:110
BRDA:121,0,0,2
BRDA:121,0,1,48
BRDA:121,1,0,50
BRDA:121,1,1,50
BRDA:123,2,0,2
BRDA:123,2,1,46
BRDA:123,3,0,48
BRDA:123,3,1,48
BRDA:123,3,2,46
BRDA:125,4,0,2
BRDA:125,4,1,44
BRDA:125,5,0,46
BRDA:125,5,1,44
BRDA:125,5,2,44
BRDA:127,6,0,2
BRDA:127,6,1,42
BRDA:129,7,0,2
BRDA:129,7,1,40
BRDA:129,8,0,42
BRDA:129,8,1,40
BRDA:129,8,2,40
BRDA:131,9,0,2
BRDA:131,9,1,38
BRDA:132,10,0,40
BRDA:132,10,1,38
BRDA:132,10,2,38
BRDA:247,11,0,2
BRDA:247,11,1,20
BRDA:247,12,0,22
BRDA:247,12,1,20
BRDA:247,12,2,20
BRDA:249,13,0,2
BRDA:249,13,1,18
BRDA:249,14,0,20
BRDA:249,14,1,20
BRDA:251,15,0,2
BRDA:251,15,1,16
BRDA:251,16,0,18
BRDA:251,16,1,4
BRDA:253,17,0,2
BRDA:253,17,1,14
BRDA:253,18,0,16
BRDA:253,18,1,12
BRDA:255,19,0,2
BRDA:255,19,1,12
BRDA:255,20,0,14
BRDA:255,20,1,10
BRDA:257,21,0,2
BRDA:257,21,1,10
BRDA:259,22,0,2
BRDA:259,22,1,8
BRDA:260,23,0,10
BRDA:260,23,1,4
BRDA:260,23,2,4
BRDA:260,23,3,4
BRDA:267,24,0,6
BRDA:267,24,1,2
BRDA:268,25,0,4
BRDA:268,25,1,2
BRDA:268,26,0,6
BRDA:268,26,1,4
BRDA:275,27,0,4
BRDA:275,27,1,2
BRDA:276,28,0,4
BRDA:276,28,1,2
BRDA:277,29,0,4
BRDA:277,29,1,2
BRDA:279,30,0,4
BRDA:279,30,1,2
BRDA:290,31,0,20
BRDA:290,31,1,140
BRDA:291,32,0,160
BRDA:291,32,1,60
BRDA:291,32,2,60
BRDA:291,32,3,39
BRDA:301,33,0,140
BRDA:301,33,1,20
BRDA:320,34,0,7
BRDA:320,34,1,14
BRDA:325,35,0,2
BRDA:325,35,1,5
BRDA:331,36,0,7
BRDA:331,36,1,7
BRDA:333,37,0,2
BRDA:333,37,1,5
BRDA:339,38,0,7
BRDA:339,38,1,0
BRDA:341,39,0,2
BRDA:341,39,1,5
BRF:89
BRH:88
end_of_record
TN:
SF:mq/constants.js
FNF:0
FNH:0
DA:3,1
LF:1
LH:1
BRF:0
BRH:0
end_of_record
TN:
SF:mq/lib.js
FN:89,(anonymous_0)
FN:121,getConnection
FN:157,removeConnection
FN:187,newDataQueues
FNF:4
FNH:4
FNDA:46,(anonymous_0)
FNDA:82,getConnection
FNDA:50,removeConnection
FNDA:90,newDataQueues
DA:3,1
DA:5,1
DA:6,1
DA:7,1
DA:9,1
DA:90,46
DA:91,4
DA:94,42
DA:95,42
DA:108,1
DA:109,1
DA:122,82
DA:124,82
DA:125,82
DA:126,36
DA:130,46
DA:133,21
DA:134,21
DA:137,21
DA:138,21
DA:140,4
DA:142,42
DA:143,42
DA:144,42
DA:145,42
DA:158,50
DA:159,50
DA:160,8
DA:163,42
DA:164,42
DA:165,38
DA:166,38
DA:167,38
DA:188,90
DA:189,4
DA:190,86
DA:191,4
DA:192,82
DA:193,4
DA:194,78
DA:195,4
DA:196,74
DA:197,4
DA:198,70
DA:199,4
DA:200,66
DA:201,4
DA:202,62
DA:203,4
DA:204,58
DA:208,4
DA:209,54
DA:210,4
DA:211,50
DA:212,4
DA:215,46
DA:216,4
DA:219,42
DA:220,42
DA:222,42
DA:231,42
DA:233,42
DA:234,42
DA:235,42
DA:237,42
DA:238,42
DA:239,42
DA:241,42
DA:242,42
DA:243,42
DA:245,42
DA:246,42
DA:247,42
DA:249,42
DA:258,1
LF:75
LH:75
BRDA:90,0,0,4
BRDA:90,0,1,42
BRDA:90,1,0,46
BRDA:90,1,1,25
BRDA:125,2,0,36
BRDA:125,2,1,46
BRDA:130,3,0,21
BRDA:130,3,1,21
BRDA:130,3,2,21
BRDA:130,3,3,21
BRDA:130,3,4,4
BRDA:159,4,0,8
BRDA:159,4,1,42
BRDA:164,5,0,38
BRDA:164,5,1,4
BRDA:188,6,0,4
BRDA:188,6,1,86
BRDA:190,7,0,4
BRDA:190,7,1,82
BRDA:190,8,0,86
BRDA:190,8,1,82
BRDA:190,8,2,82
BRDA:192,9,0,4
BRDA:192,9,1,78
BRDA:192,10,0,82
BRDA:192,10,1,78
BRDA:194,11,0,4
BRDA:194,11,1,74
BRDA:196,12,0,4
BRDA:196,12,1,70
BRDA:196,13,0,74
BRDA:196,13,1,74
BRDA:198,14,0,4
BRDA:198,14,1,66
BRDA:198,15,0,70
BRDA:198,15,1,70
BRDA:200,16,0,4
BRDA:200,16,1,62
BRDA:200,17,0,66
BRDA:200,17,1,62
BRDA:202,18,0,4
BRDA:202,18,1,58
BRDA:202,19,0,62
BRDA:202,19,1,58
BRDA:204,20,0,4
BRDA:204,20,1,54
BRDA:205,21,0,58
BRDA:205,21,1,12
BRDA:205,21,2,12
BRDA:205,21,3,12
BRDA:209,22,0,4
BRDA:209,22,1,50
BRDA:209,23,0,54
BRDA:209,23,1,12
BRDA:211,24,0,4
BRDA:211,24,1,46
BRDA:211,25,0,50
BRDA:211,25,1,46
BRDA:215,26,0,4
BRDA:215,26,1,42
BRDA:215,27,0,46
BRDA:215,27,1,46
BRDA:215,27,2,42
BRDA:215,27,3,0
BRDA:219,28,0,21
BRDA:219,28,1,21
BRDA:220,29,0,42
BRDA:220,29,1,0
BRDA:227,30,0,42
BRDA:227,30,1,38
BRDA:228,31,0,42
BRDA:228,31,1,38
BRDA:239,32,0,22
BRDA:239,32,1,20
BRDA:247,33,0,22
BRDA:247,33,1,20
BRF:76
BRH:74
end_of_record
TN:
SF:mq/network.js
FN:108,(anonymous_0)
FN:160,(anonymous_1)
FN:167,(anonymous_2)
FN:174,(anonymous_3)
FN:181,(anonymous_4)
FN:188,(anonymous_5)
FN:195,(anonymous_6)
FN:212,(anonymous_7)
FN:232,(anonymous_8)
FN:268,(anonymous_9)
FN:326,(anonymous_10)
FN:335,(anonymous_11)
FNF:12
FNH:12
FNDA:50,(anonymous_0)
FNDA:2,(anonymous_1)
FNDA:2,(anonymous_2)
FNDA:2,(anonymous_3)
FNDA:2,(anonymous_4)
FNDA:4,(anonymous_5)
FNDA:2,(anonymous_6)
FNDA:24,(anonymous_7)
FNDA:14,(anonymous_8)
FNDA:12,(anonymous_9)
FNDA:7,(anonymous_10)
FNDA:13,(anonymous_11)
DA:3,1
DA:4,1
DA:6,1
DA:7,1
DA:8,1
DA:22,1
DA:23,1
DA:109,50
DA:111,50
DA:112,2
DA:113,48
DA:114,2
DA:115,46
DA:116,2
DA:117,44
DA:118,2
DA:119,42
DA:123,2
DA:126,40
DA:127,38
DA:128,22
DA:130,22
DA:131,22
DA:132,22
DA:133,22
DA:134,22
DA:135,22
DA:136,22
DA:137,22
DA:138,22
DA:140,22
DA:141,22
DA:143,22
DA:144,22
DA:145,22
DA:147,22
DA:148,22
DA:150,22
DA:151,22
DA:152,22
DA:154,22
DA:161,2
DA:168,2
DA:175,2
DA:182,2
DA:189,4
DA:196,2
DA:213,24
DA:214,24
DA:215,24
DA:216,24
DA:217,24
DA:218,24
DA:219,24
DA:220,24
DA:221,24
DA:233,14
DA:234,2
DA:235,12
DA:236,2
DA:237,10
DA:238,2
DA:239,8
DA:240,2
DA:241,6
DA:247,2
DA:250,4
DA:256,4
DA:257,4
DA:269,12
DA:270,2
DA:271,10
DA:272,2
DA:273,8
DA:274,2
DA:275,6
DA:276,2
DA:279,4
DA:284,4
DA:285,4
DA:293,176
DA:299,22
DA:301,154
DA:304,176
DA:305,154
DA:307,22
DA:308,22
DA:316,22
DA:317,22
DA:319,2
DA:320,2
DA:323,20
DA:324,7
DA:325,7
DA:326,7
DA:327,7
DA:328,2
DA:330,5
DA:333,13
DA:334,13
DA:335,13
DA:336,13
DA:337,2
DA:339,11
DA:343,0
DA:375,1
DA:377,1
LF:107
LH:106
BRDA:111,0,0,2
BRDA:111,0,1,48
BRDA:111,1,0,50
BRDA:111,1,1,50
BRDA:113,2,0,2
BRDA:113,2,1,46
BRDA:113,3,0,48
BRDA:113,3,1,48
BRDA:113,3,2,46
BRDA:115,4,0,2
BRDA:115,4,1,44
BRDA:115,5,0,46
BRDA:115,5,1,44
BRDA:115,5,2,44
BRDA:117,6,0,2
BRDA:117,6,1,42
BRDA:117,7,0,44
BRDA:117,7,1,42
BRDA:117,7,2,42
BRDA:119,8,0,2
BRDA:119,8,1,40
BRDA:120,9,0,42
BRDA:120,9,1,40
BRDA:233,10,0,2
BRDA:233,10,1,12
BRDA:233,11,0,14
BRDA:233,11,1,12
BRDA:233,11,2,12
BRDA:235,12,0,2
BRDA:235,12,1,10
BRDA:235,13,0,12
BRDA:235,13,1,12
BRDA:235,13,2,10
BRDA:237,14,0,2
BRDA:237,14,1,8
BRDA:237,15,0,10
BRDA:237,15,1,8
BRDA:239,16,0,2
BRDA:239,16,1,6
BRDA:241,17,0,2
BRDA:241,17,1,4
BRDA:242,18,0,6
BRDA:242,18,1,4
BRDA:242,18,2,4
BRDA:242,18,3,4
BRDA:254,19,0,4
BRDA:254,19,1,2
BRDA:269,20,0,2
BRDA:269,20,1,10
BRDA:269,21,0,12
BRDA:269,21,1,10
BRDA:269,21,2,10
BRDA:271,22,0,2
BRDA:271,22,1,8
BRDA:271,23,0,10
BRDA:271,23,1,8
BRDA:273,24,0,2
BRDA:273,24,1,6
BRDA:275,25,0,2
BRDA:275,25,1,4
BRDA:275,26,0,6
BRDA:275,26,1,4
BRDA:282,27,0,4
BRDA:282,27,1,2
BRDA:293,28,0,22
BRDA:293,28,1,154
BRDA:294,29,0,176
BRDA:294,29,1,86
BRDA:294,29,2,43
BRDA:294,29,3,43
BRDA:304,30,0,154
BRDA:304,30,1,22
BRDA:323,31,0,7
BRDA:323,31,1,13
BRDA:327,32,0,2
BRDA:327,32,1,5
BRDA:333,33,0,13
BRDA:333,33,1,0
BRDA:336,34,0,2
BRDA:336,34,1,11
BRF:80
BRH:79
end_of_record
TN:
SF:mq/callback/application.js
FN:119,(anonymous_0)
FN:175,(anonymous_1)
FN:182,(anonymous_2)
FN:189,(anonymous_3)
FN:196,(anonymous_4)
FN:203,(anonymous_5)
FN:210,(anonymous_6)
FN:227,(anonymous_7)
FN:232,(anonymous_8)
FN:234,(anonymous_9)
FN:236,(anonymous_10)
FN:238,(anonymous_11)
FN:240,(anonymous_12)
FN:242,(anonymous_13)
FN:244,(anonymous_14)
FN:246,(anonymous_15)
FN:248,(anonymous_16)
FN:249,(anonymous_17)
FN:264,(anonymous_18)
FN:300,(anonymous_19)
FN:334,(anonymous_20)
FN:342,(anonymous_21)
FN:344,(anonymous_22)
FN:346,(anonymous_23)
FN:350,(anonymous_24)
FN:352,(anonymous_25)
FN:354,(anonymous_26)
FN:358,(anonymous_27)
FN:360,(anonymous_28)
FN:362,(anonymous_29)
FNF:30
FNH:30
FNDA:50,(anonymous_0)
FNDA:2,(anonymous_1)
FNDA:2,(anonymous_2)
FNDA:2,(anonymous_3)
FNDA:2,(anonymous_4)
FNDA:4,(anonymous_5)
FNDA:2,(anonymous_6)
FNDA:22,(anonymous_7)
FNDA:22,(anonymous_8)
FNDA:22,(anonymous_9)
FNDA:22,(anonymous_10)
FNDA:22,(anonymous_11)
FNDA:22,(anonymous_12)
FNDA:22,(anonymous_13)
FNDA:22,(anonymous_14)
FNDA:22,(anonymous_15)
FNDA:22,(anonymous_16)
FNDA:22,(anonymous_17)
FNDA:22,(anonymous_18)
FNDA:4,(anonymous_19)
FNDA:2,(anonymous_20)
FNDA:7,(anonymous_21)
FNDA:2,(anonymous_22)
FNDA:5,(anonymous_23)
FNDA:7,(anonymous_24)
FNDA:2,(anonymous_25)
FNDA:5,(anonymous_26)
FNDA:7,(anonymous_27)
FNDA:2,(anonymous_28)
FNDA:5,(anonymous_29)
DA:3,1
DA:4,1
DA:6,1
DA:8,1
DA:9,1
DA:17,1
DA:18,1
DA:120,50
DA:122,50
DA:123,2
DA:124,48
DA:125,2
DA:126,46
DA:127,2
DA:128,44
DA:129,2
DA:130,42
DA:131,2
DA:132,40
DA:137,2
DA:140,38
DA:141,36
DA:142,20
DA:144,20
DA:145,20
DA:146,20
DA:147,20
DA:148,20
DA:149,20
DA:150,20
DA:151,20
DA:152,20
DA:154,20
DA:155,20
DA:156,20
DA:158,20
DA:159,20
DA:161,20
DA:162,20
DA:163,20
DA:165,20
DA:166,20
DA:167,20
DA:169,20
DA:176,2
DA:183,2
DA:190,2
DA:197,2
DA:204,4
DA:211,2
DA:228,22
DA:230,22
DA:233,22
DA:234,22
DA:237,22
DA:238,22
DA:241,22
DA:242,22
DA:245,22
DA:246,22
DA:249,22
DA:265,22
DA:266,2
DA:267,20
DA:268,2
DA:269,18
DA:270,2
DA:271,16
DA:272,2
DA:273,14
DA:274,2
DA:275,12
DA:276,2
DA:277,10
DA:283,2
DA:285,8
DA:286,6
DA:287,4
DA:291,4
DA:299,4
DA:300,4
DA:308,160
DA:314,20
DA:316,140
DA:319,160
DA:320,140
DA:322,20
DA:323,20
DA:331,23
DA:332,23
DA:334,2
DA:335,2
DA:338,21
DA:339,7
DA:340,7
DA:341,7
DA:342,7
DA:343,7
DA:344,2
DA:346,5
DA:349,14
DA:350,7
DA:351,7
DA:352,2
DA:354,5
DA:357,7
DA:358,7
DA:359,7
DA:360,2
DA:362,5
DA:366,0
DA:398,1
DA:400,1
LF:113
LH:112
BRDA:122,0,0,2
BRDA:122,0,1,48
BRDA:122,1,0,50
BRDA:122,1,1,50
BRDA:124,2,0,2
BRDA:124,2,1,46
BRDA:124,3,0,48
BRDA:124,3,1,48
BRDA:124,3,2,46
BRDA:126,4,0,2
BRDA:126,4,1,44
BRDA:126,5,0,46
BRDA:126,5,1,44
BRDA:126,5,2,44
BRDA:128,6,0,2
BRDA:128,6,1,42
BRDA:130,7,0,2
BRDA:130,7,1,40
BRDA:130,8,0,42
BRDA:130,8,1,40
BRDA:130,8,2,40
BRDA:132,9,0,2
BRDA:132,9,1,38
BRDA:133,10,0,40
BRDA:133,10,1,38
BRDA:133,10,2,38
BRDA:234,11,0,22
BRDA:234,11,1,22
BRDA:238,12,0,22
BRDA:238,12,1,22
BRDA:242,13,0,22
BRDA:242,13,1,22
BRDA:246,14,0,22
BRDA:246,14,1,22
BRDA:249,15,0,22
BRDA:249,15,1,22
BRDA:265,16,0,2
BRDA:265,16,1,20
BRDA:265,17,0,22
BRDA:265,17,1,20
BRDA:265,17,2,20
BRDA:267,18,0,2
BRDA:267,18,1,18
BRDA:267,19,0,20
BRDA:267,19,1,20
BRDA:269,20,0,2
BRDA:269,20,1,16
BRDA:269,21,0,18
BRDA:269,21,1,4
BRDA:271,22,0,2
BRDA:271,22,1,14
BRDA:271,23,0,16
BRDA:271,23,1,12
BRDA:273,24,0,2
BRDA:273,24,1,12
BRDA:273,25,0,14
BRDA:273,25,1,10
BRDA:275,26,0,2
BRDA:275,26,1,10
BRDA:277,27,0,2
BRDA:277,27,1,8
BRDA:278,28,0,10
BRDA:278,28,1,4
BRDA:278,28,2,4
BRDA:278,28,3,4
BRDA:285,29,0,6
BRDA:285,29,1,2
BRDA:286,30,0,4
BRDA:286,30,1,2
BRDA:286,31,0,6
BRDA:286,31,1,4
BRDA:293,32,0,4
BRDA:293,32,1,2
BRDA:294,33,0,4
BRDA:294,33,1,2
BRDA:295,34,0,4
BRDA:295,34,1,2
BRDA:297,35,0,4
BRDA:297,35,1,2
BRDA:300,36,0,4
BRDA:300,36,1,4
BRDA:308,37,0,20
BRDA:308,37,1,140
BRDA:309,38,0,160
BRDA:309,38,1,56
BRDA:309,38,2,55
BRDA:309,38,3,35
BRDA:319,39,0,140
BRDA:319,39,1,20
BRDA:338,40,0,7
BRDA:338,40,1,14
BRDA:343,41,0,2
BRDA:343,41,1,5
BRDA:349,42,0,7
BRDA:349,42,1,7
BRDA:351,43,0,2
BRDA:351,43,1,5
BRDA:357,44,0,7
BRDA:357,44,1,0
BRDA:359,45,0,2
BRDA:359,45,1,5
BRF:101
BRH:100
end_of_record
TN:
SF:mq/callback/lib.js
FN:89,(anonymous_0)
FN:121,getConnection
FN:158,removeConnection
FN:161,(anonymous_3)
FN:168,(anonymous_4)
FN:171,(anonymous_5)
FN:190,newDataQueues
FNF:7
FNH:7
FNDA:46,(anonymous_0)
FNDA:82,getConnection
FNDA:50,removeConnection
FNDA:8,(anonymous_3)
FNDA:38,(anonymous_4)
FNDA:4,(anonymous_5)
FNDA:90,newDataQueues
DA:3,1
DA:5,1
DA:6,1
DA:7,1
DA:9,1
DA:90,46
DA:91,4
DA:94,42
DA:95,42
DA:108,1
DA:109,1
DA:122,82
DA:124,82
DA:125,82
DA:126,36
DA:130,46
DA:133,21
DA:134,21
DA:137,21
DA:138,21
DA:140,4
DA:142,42
DA:143,42
DA:144,42
DA:145,42
DA:159,50
DA:160,50
DA:161,8
DA:164,42
DA:165,42
DA:166,38
DA:167,38
DA:168,38
DA:169,38
DA:171,4
DA:191,90
DA:192,4
DA:193,86
DA:194,4
DA:195,82
DA:196,4
DA:197,78
DA:198,4
DA:199,74
DA:200,4
DA:201,70
DA:202,4
DA:203,66
DA:204,4
DA:205,62
DA:206,4
DA:207,58
DA:211,4
DA:212,54
DA:213,4
DA:214,50
DA:215,4
DA:218,46
DA:219,4
DA:222,42
DA:223,42
DA:225,42
DA:234,42
DA:236,42
DA:237,42
DA:238,42
DA:240,42
DA:241,42
DA:242,42
DA:244,42
DA:245,42
DA:246,42
DA:248,42
DA:249,42
DA:250,42
DA:252,42
DA:261,1
LF:77
LH:77
BRDA:90,0,0,4
BRDA:90,0,1,42
BRDA:90,1,0,46
BRDA:90,1,1,25
BRDA:125,2,0,36
BRDA:125,2,1,46
BRDA:130,3,0,21
BRDA:130,3,1,21
BRDA:130,3,2,21
BRDA:130,3,3,21
BRDA:130,3,4,4
BRDA:160,4,0,8
BRDA:160,4,1,42
BRDA:165,5,0,38
BRDA:165,5,1,4
BRDA:168,6,0,38
BRDA:168,6,1,38
BRDA:191,7,0,4
BRDA:191,7,1,86
BRDA:193,8,0,4
BRDA:193,8,1,82
BRDA:193,9,0,86
BRDA:193,9,1,82
BRDA:193,9,2,82
BRDA:195,10,0,4
BRDA:195,10,1,78
BRDA:195,11,0,82
BRDA:195,11,1,78
BRDA:197,12,0,4
BRDA:197,12,1,74
BRDA:199,13,0,4
BRDA:199,13,1,70
BRDA:199,14,0,74
BRDA:199,14,1,74
BRDA:201,15,0,4
BRDA:201,15,1,66
BRDA:201,16,0,70
BRDA:201,16,1,70
BRDA:203,17,0,4
BRDA:203,17,1,62
BRDA:203,18,0,66
BRDA:203,18,1,62
BRDA:205,19,0,4
BRDA:205,19,1,58
BRDA:205,20,0,62
BRDA:205,20,1,58
BRDA:207,21,0,4
BRDA:207,21,1,54
BRDA:208,22,0,58
BRDA:208,22,1,12
BRDA:208,22,2,12
BRDA:208,22,3,12
BRDA:212,23,0,4
BRDA:212,23,1,50
BRDA:212,24,0,54
BRDA:212,24,1,12
BRDA:214,25,0,4
BRDA:214,25,1,46
BRDA:214,26,0,50
BRDA:214,26,1,46
BRDA:218,27,0,4
BRDA:218,27,1,42
BRDA:218,28,0,46
BRDA:218,28,1,46
BRDA:218,28,2,42
BRDA:218,28,3,0
BRDA:222,29,0,21
BRDA:222,29,1,21
BRDA:223,30,0,42
BRDA:223,30,1,0
BRDA:230,31,0,42
BRDA:230,31,1,38
BRDA:231,32,0,42
BRDA:231,32,1,38
BRDA:242,33,0,22
BRDA:242,33,1,20
BRDA:250,34,0,22
BRDA:250,34,1,20
BRF:78
BRH:76
end_of_record
TN:
SF:mq/callback/network.js
FN:109,(anonymous_0)
FN:161,(anonymous_1)
FN:168,(anonymous_2)
FN:175,(anonymous_3)
FN:182,(anonymous_4)
FN:189,(anonymous_5)
FN:196,(anonymous_6)
FN:213,(anonymous_7)
FN:218,(anonymous_8)
FN:220,(anonymous_9)
FN:222,(anonymous_10)
FN:224,(anonymous_11)
FN:226,(anonymous_12)
FN:228,(anonymous_13)
FN:230,(anonymous_14)
FN:232,(anonymous_15)
FN:234,(anonymous_16)
FN:235,(anonymous_17)
FN:250,(anonymous_18)
FN:275,(anonymous_19)
FN:286,(anonymous_20)
FN:303,(anonymous_21)
FN:337,(anonymous_22)
FN:345,(anonymous_23)
FN:347,(anonymous_24)
FN:349,(anonymous_25)
FN:354,(anonymous_26)
FN:356,(anonymous_27)
FN:358,(anonymous_28)
FNF:29
FNH:29
FNDA:50,(anonymous_0)
FNDA:2,(anonymous_1)
FNDA:2,(anonymous_2)
FNDA:2,(anonymous_3)
FNDA:2,(anonymous_4)
FNDA:4,(anonymous_5)
FNDA:2,(anonymous_6)
FNDA:24,(anonymous_7)
FNDA:24,(anonymous_8)
FNDA:24,(anonymous_9)
FNDA:24,(anonymous_10)
FNDA:24,(anonymous_11)
FNDA:24,(anonymous_12)
FNDA:24,(anonymous_13)
FNDA:24,(anonymous_14)
FNDA:24,(anonymous_15)
FNDA:24,(anonymous_16)
FNDA:24,(anonymous_17)
FNDA:14,(anonymous_18)
FNDA:4,(anonymous_19)
FNDA:12,(anonymous_20)
FNDA:4,(anonymous_21)
FNDA:2,(anonymous_22)
FNDA:7,(anonymous_23)
FNDA:2,(anonymous_24)
FNDA:5,(anonymous_25)
FNDA:13,(anonymous_26)
FNDA:2,(anonymous_27)
FNDA:11,(anonymous_28)
DA:3,1
DA:4,1
DA:6,1
DA:8,1
DA:9,1
DA:23,1
DA:24,1
DA:110,50
DA:112,50
DA:113,2
DA:114,48
DA:115,2
DA:116,46
DA:117,2
DA:118,44
DA:119,2
DA:120,42
DA:124,2
DA:127,40
DA:128,38
DA:129,22
DA:131,22
DA:132,22
DA:133,22
DA:134,22
DA:135,22
DA:136,22
DA:137,22
DA:138,22
DA:139,22
DA:141,22
DA:142,22
DA:144,22
DA:145,22
DA:146,22
DA:148,22
DA:149,22
DA:151,22
DA:152,22
DA:153,22
DA:155,22
DA:162,2
DA:169,2
DA:176,2
DA:183,2
DA:190,4
DA:197,2
DA:214,24
DA:216,24
DA:219,24
DA:220,24
DA:223,24
DA:224,24
DA:227,24
DA:228,24
DA:231,24
DA:232,24
DA:235,24
DA:251,14
DA:252,2
DA:253,12
DA:254,2
DA:255,10
DA:256,2
DA:257,8
DA:258,2
DA:259,6
DA:265,2
DA:268,4
DA:274,4
DA:275,4
DA:287,12
DA:288,2
DA:289,10
DA:290,2
DA:291,8
DA:292,2
DA:293,6
DA:294,2
DA:297,4
DA:302,4
DA:303,4
DA:311,176
DA:317,22
DA:319,154
DA:322,176
DA:323,154
DA:325,22
DA:326,22
DA:334,22
DA:335,22
DA:337,2
DA:338,2
DA:341,20
DA:342,20
DA:343,7
DA:344,7
DA:345,7
DA:346,7
DA:347,2
DA:349,5
DA:352,13
DA:353,13
DA:354,13
DA:355,13
DA:356,2
DA:358,11
DA:362,0
DA:394,1
DA:396,1
LF:110
LH:109
BRDA:112,0,0,2
BRDA:112,0,1,48
BRDA:112,1,0,50
BRDA:112,1,1,50
BRDA:114,2,0,2
BRDA:114,2,1,46
BRDA:114,3,0,48
BRDA:114,3,1,48
BRDA:114,3,2,46
BRDA:116,4,0,2
BRDA:116,4,1,44
BRDA:116,5,0,46
BRDA:116,5,1,44
BRDA:116,5,2,44
BRDA:118,6,0,2
BRDA:118,6,1,42
BRDA:118,7,0,44
BRDA:118,7,1,42
BRDA:118,7,2,42
BRDA:120,8,0,2
BRDA:120,8,1,40
BRDA:121,9,0,42
BRDA:121,9,1,40
BRDA:220,10,0,24
BRDA:220,10,1,24
BRDA:224,11,0,24
BRDA:224,11,1,24
BRDA:228,12,0,24
BRDA:228,12,1,24
BRDA:232,13,0,24
BRDA:232,13,1,24
BRDA:235,14,0,24
BRDA:235,14,1,24
BRDA:251,15,0,2
BRDA:251,15,1,12
BRDA:251,16,0,14
BRDA:251,16,1,12
BRDA:251,16,2,12
BRDA:253,17,0,2
BRDA:253,17,1,10
BRDA:253,18,0,12
BRDA:253,18,1,12
BRDA:253,18,2,10
BRDA:255,19,0,2
BRDA:255,19,1,8
BRDA:255,20,0,10
BRDA:255,20,1,8
BRDA:257,21,0,2
BRDA:257,21,1,6
BRDA:259,22,0,2
BRDA:259,22,1,4
BRDA:260,23,0,6
BRDA:260,23,1,4
BRDA:260,23,2,4
BRDA:260,23,3,4
BRDA:272,24,0,4
BRDA:272,24,1,2
BRDA:275,25,0,4
BRDA:275,25,1,4
BRDA:287,26,0,2
BRDA:287,26,1,10
BRDA:287,27,0,12
BRDA:287,27,1,10
BRDA:287,27,2,10
BRDA:289,28,0,2
BRDA:289,28,1,8
BRDA:289,29,0,10
BRDA:289,29,1,8
BRDA:291,30,0,2
BRDA:291,30,1,6
BRDA:293,31,0,2
BRDA:293,31,1,4
BRDA:293,32,0,6
BRDA:293,32,1,4
BRDA:300,33,0,4
BRDA:300,33,1,2
BRDA:303,34,0,4
BRDA:303,34,1,4
BRDA:311,35,0,22
BRDA:311,35,1,154
BRDA:312,36,0,176
BRDA:312,36,1,87
BRDA:312,36,2,45
BRDA:312,36,3,44
BRDA:322,37,0,154
BRDA:322,37,1,22
BRDA:342,38,0,7
BRDA:342,38,1,13
BRDA:346,39,0,2
BRDA:346,39,1,5
BRDA:352,40,0,13
BRDA:352,40,1,0
BRDA:355,41,0,2
BRDA:355,41,1,11
BRF:94
BRH:93
end_of_record
