TN:
SF:api/constants.js
FNF:0
FNH:0
DA:3,1
LF:1
LH:1
BRF:0
BRH:0
end_of_record
TN:
SF:api/http.js
FN:47,(anonymous_0)
FN:79,(anonymous_1)
FN:98,(anonymous_2)
FN:99,(anonymous_3)
FN:144,(anonymous_4)
FN:146,(anonymous_5)
FNF:6
FNH:6
FNDA:14,(anonymous_0)
FNDA:12,(anonymous_1)
FNDA:5,(anonymous_2)
FNDA:1,(anonymous_3)
FNDA:7,(anonymous_4)
FNDA:1,(anonymous_5)
DA:3,1
DA:5,1
DA:7,1
DA:8,1
DA:10,1
DA:12,1
DA:48,14
DA:49,1
DA:50,13
DA:51,1
DA:52,12
DA:53,1
DA:54,11
DA:55,1
DA:56,10
DA:57,1
DA:60,9
DA:61,9
DA:62,9
DA:63,9
DA:80,12
DA:81,1
DA:82,11
DA:83,1
DA:84,10
DA:85,1
DA:88,9
DA:89,8
DA:92,6
DA:93,6
DA:98,5
DA:100,1
DA:103,5
DA:104,0
DA:105,0
DA:108,5
DA:109,5
DA:111,0
DA:112,0
DA:115,5
DA:120,0
DA:135,8
DA:136,8
DA:137,8
DA:144,7
DA:147,1
DA:151,1
DA:153,7
DA:154,2
DA:156,5
DA:191,1
LF:51
LH:46
BRDA:48,0,0,1
BRDA:48,0,1,13
BRDA:48,1,0,14
BRDA:48,1,1,13
BRDA:48,1,2,13
BRDA:50,2,0,1
BRDA:50,2,1,12
BRDA:50,3,0,13
BRDA:50,3,1,13
BRDA:52,4,0,1
BRDA:52,4,1,11
BRDA:52,5,0,12
BRDA:52,5,1,11
BRDA:54,6,0,1
BRDA:54,6,1,10
BRDA:54,7,0,11
BRDA:54,7,1,10
BRDA:56,8,0,1
BRDA:56,8,1,9
BRDA:56,9,0,10
BRDA:56,9,1,9
BRDA:80,10,0,1
BRDA:80,10,1,11
BRDA:80,11,0,12
BRDA:80,11,1,11
BRDA:82,12,0,1
BRDA:82,12,1,10
BRDA:82,13,0,11
BRDA:82,13,1,10
BRDA:84,14,0,1
BRDA:84,14,1,9
BRDA:84,15,0,10
BRDA:84,15,1,3
BRDA:84,15,2,2
BRDA:88,16,0,8
BRDA:88,16,1,1
BRDA:103,17,0,0
BRDA:103,17,1,5
BRDA:109,18,0,0
BRDA:109,18,1,5
BRDA:153,19,0,2
BRDA:153,19,1,5
BRF:42
BRH:40
end_of_record
TN:
SF:api/user.js
FN:38,get
FN:65,update
FNF:2
FNH:2
FNDA:3,get
FNDA:4,update
DA:3,1
DA:4,1
DA:6,1
DA:7,1
DA:39,3
DA:40,1
DA:43,2
DA:44,1
DA:45,0
DA:47,1
DA:48,1
DA:49,1
DA:50,1
DA:51,1
DA:53,1
DA:66,4
DA:67,1
DA:68,3
DA:69,1
DA:72,2
DA:73,1
DA:74,0
DA:78,1
LF:23
LH:21
BRDA:39,0,0,1
BRDA:39,0,1,2
BRDA:44,1,0,0
BRDA:44,1,1,1
BRDA:50,2,0,1
BRDA:50,2,1,0
BRDA:66,3,0,1
BRDA:66,3,1,3
BRDA:68,4,0,1
BRDA:68,4,1,2
BRDA:68,5,0,3
BRDA:68,5,1,2
BRDA:68,5,2,2
BRDA:73,6,0,0
BRDA:73,6,1,1
BRF:15
BRH:12
end_of_record
TN:
SF:api/callback/http.js
FN:38,(anonymous_0)
FN:71,(anonymous_1)
FN:92,innerRequest
FN:98,(anonymous_3)
FN:113,(anonymous_4)
FN:128,(anonymous_5)
FN:164,(anonymous_6)
FNF:7
FNH:6
FNDA:14,(anonymous_0)
FNDA:13,(anonymous_1)
FNDA:12,innerRequest
FNDA:7,(anonymous_3)
FNDA:5,(anonymous_4)
FNDA:0,(anonymous_5)
FNDA:7,(anonymous_6)
DA:3,1
DA:5,1
DA:7,1
DA:9,1
DA:11,1
DA:39,14
DA:40,1
DA:41,13
DA:42,1
DA:43,12
DA:44,1
DA:45,11
DA:46,1
DA:47,10
DA:48,1
DA:51,9
DA:52,9
DA:53,9
DA:54,9
DA:72,13
DA:73,1
DA:74,12
DA:75,1
DA:77,11
DA:78,6
DA:79,6
DA:81,11
DA:82,1
DA:84,10
DA:85,2
DA:88,8
DA:89,8
DA:90,8
DA:91,8
DA:92,8
DA:93,12
DA:94,0
DA:97,12
DA:98,7
DA:99,7
DA:100,3
DA:102,4
DA:103,4
DA:104,4
DA:108,5
DA:114,5
DA:115,1
DA:117,4
DA:118,4
DA:120,0
DA:121,0
DA:125,4
DA:126,4
DA:127,4
DA:128,0
DA:129,0
DA:130,0
DA:132,0
DA:133,0
DA:134,0
DA:137,4
DA:151,7
DA:152,0
DA:154,7
DA:155,7
DA:156,7
DA:165,7
DA:166,1
DA:170,1
DA:171,6
DA:172,2
DA:174,4
DA:210,1
LF:73
LH:63
BRDA:39,0,0,1
BRDA:39,0,1,13
BRDA:39,1,0,14
BRDA:39,1,1,13
BRDA:39,1,2,13
BRDA:41,2,0,1
BRDA:41,2,1,12
BRDA:41,3,0,13
BRDA:41,3,1,13
BRDA:43,4,0,1
BRDA:43,4,1,11
BRDA:43,5,0,12
BRDA:43,5,1,11
BRDA:45,6,0,1
BRDA:45,6,1,10
BRDA:45,7,0,11
BRDA:45,7,1,10
BRDA:47,8,0,1
BRDA:47,8,1,9
BRDA:47,9,0,10
BRDA:47,9,1,9
BRDA:72,10,0,1
BRDA:72,10,1,12
BRDA:72,11,0,13
BRDA:72,11,1,12
BRDA:74,12,0,1
BRDA:74,12,1,11
BRDA:74,13,0,12
BRDA:74,13,1,11
BRDA:77,14,0,6
BRDA:77,14,1,5
BRDA:81,15,0,1
BRDA:81,15,1,10
BRDA:81,16,0,11
BRDA:81,16,1,5
BRDA:81,16,2,4
BRDA:84,17,0,2
BRDA:84,17,1,8
BRDA:93,18,0,0
BRDA:93,18,1,12
BRDA:97,19,0,7
BRDA:97,19,1,5
BRDA:99,20,0,3
BRDA:99,20,1,4
BRDA:114,21,0,1
BRDA:114,21,1,4
BRDA:115,22,0,1
BRDA:115,22,1,0
BRDA:118,23,0,0
BRDA:118,23,1,4
BRDA:127,24,0,0
BRDA:127,24,1,4
BRDA:129,25,0,0
BRDA:129,25,1,0
BRDA:151,26,0,0
BRDA:151,26,1,7
BRDA:165,27,0,1
BRDA:165,27,1,6
BRDA:171,28,0,2
BRDA:171,28,1,4
BRF:60
BRH:53
end_of_record
TN:
SF:api/callback/user.js
FN:36,get
FN:43,(anonymous_1)
FN:68,update
FN:77,(anonymous_3)
FNF:4
FNH:4
FNDA:4,get
FNDA:2,(anonymous_1)
FNDA:5,update
FNDA:2,(anonymous_3)
DA:3,1
DA:5,1
DA:6,1
DA:37,4
DA:38,1
DA:39,3
DA:40,1
DA:43,2
DA:44,2
DA:45,1
DA:46,1
DA:47,0
DA:49,1
DA:50,1
DA:51,1
DA:52,1
DA:53,1
DA:55,1
DA:69,5
DA:70,1
DA:71,4
DA:72,1
DA:73,3
DA:74,1
DA:77,2
DA:78,2
DA:79,1
DA:81,1
DA:85,1
LF:29
LH:28
BRDA:37,0,0,1
BRDA:37,0,1,3
BRDA:39,1,0,1
BRDA:39,1,1,2
BRDA:44,2,0,1
BRDA:44,2,1,1
BRDA:46,3,0,0
BRDA:46,3,1,1
BRDA:52,4,0,1
BRDA:52,4,1,0
BRDA:69,5,0,1
BRDA:69,5,1,4
BRDA:71,6,0,1
BRDA:71,6,1,3
BRDA:71,7,0,4
BRDA:71,7,1,3
BRDA:71,7,2,3
BRDA:73,8,0,1
BRDA:73,8,1,2
BRDA:78,9,0,1
BRDA:78,9,1,1
BRDA:81,10,0,1
BRDA:81,10,1,0
BRF:23
BRH:20
end_of_record
TN:
SF:middlewares/auth.js
FN:28,authMiddleware
FN:34,(anonymous_1)
FN:48,(anonymous_2)
FN:49,(anonymous_3)
FN:70,(anonymous_4)
FNF:5
FNH:5
FNDA:4,authMiddleware
FNDA:7,(anonymous_1)
FNDA:2,(anonymous_2)
FNDA:2,(anonymous_3)
FNDA:1,(anonymous_4)
DA:3,1
DA:5,1
DA:7,1
DA:34,4
DA:35,7
DA:36,7
DA:37,2
DA:39,5
DA:40,5
DA:41,2
DA:44,3
DA:48,2
DA:50,2
DA:51,0
DA:55,2
DA:56,1
DA:57,1
DA:58,0
DA:64,1
DA:68,1
DA:71,1
DA:79,1
LF:22
LH:20
BRDA:36,0,0,2
BRDA:36,0,1,5
BRDA:40,1,0,2
BRDA:40,1,1,3
BRDA:40,2,0,5
BRDA:40,2,1,4
BRDA:50,3,0,0
BRDA:50,3,1,2
BRDA:55,4,0,1
BRDA:55,4,1,1
BRDA:57,5,0,0
BRDA:57,5,1,1
BRF:12
BRH:10
end_of_record
TN:
SF:mq/application.js
FN:118,(anonymous_0)
FN:175,(anonymous_1)
FN:182,(anonymous_2)
FN:189,(anonymous_3)
FN:196,(anonymous_4)
FN:203,(anonymous_5)
FN:210,(anonymous_6)
FN:227,(anonymous_7)
FN:247,(anonymous_8)
FN:325,(anonymous_9)
FN:333,(anonymous_10)
FN:341,(anonymous_11)
FNF:12
FNH:12
FNDA:50,(anonymous_0)
FNDA:2,(anonymous_1)
FNDA:2,(anonymous_2)
FNDA:2,(anonymous_3)
FNDA:2,(anonymous_4)
FNDA:4,(anonymous_5)
FNDA:2,(anonymous_6)
FNDA:22,(anonymous_7)
FNDA:22,(anonymous_8)
FNDA:7,(anonymous_9)
FNDA:7,(anonymous_10)
FNDA:7,(anonymous_11)
DA:3,1
DA:4,1
DA:6,1
DA:7,1
DA:8,1
DA:16,1
DA:17,1
DA:119,50
DA:121,50
DA:122,2
DA:123,48
DA:124,2
DA:125,46
DA:126,2
DA:127,44
DA:128,2
DA:129,42
DA:130,2
DA:131,40
DA:136,2
DA:139,38
DA:140,36
DA:141,20
DA:143,20
DA:144,20
DA:145,20
DA:146,20
DA:147,20
DA:148,20
DA:149,20
DA:150,20
DA:151,20
DA:153,20
DA:154,20
DA:155,20
DA:157,20
DA:158,20
DA:159,20
DA:161,20
DA:162,20
DA:163,20
DA:165,20
DA:166,20
DA:167,20
DA:169,20
DA:176,2
DA:183,2
DA:190,2
DA:197,2
DA:204,4
DA:211,2
DA:228,22
DA:229,22
DA:230,22
DA:231,22
DA:232,22
DA:233,22
DA:234,22
DA:235,22
DA:236,22
DA:248,22
DA:249,2
DA:250,20
DA:251,2
DA:252,18
DA:253,2
DA:254,16
DA:255,2
DA:256,14
DA:257,2
DA:258,12
DA:259,2
DA:260,10
DA:266,2
DA:268,8
DA:269,6
DA:270,4
DA:274,4
DA:282,4
DA:283,4
DA:291,164
DA:297,20
DA:299,144
DA:302,164
DA:303,143
DA:305,21
DA:306,21
DA:314,23
DA:315,23
DA:317,2
DA:318,2
DA:321,21
DA:322,7
DA:323,7
DA:324,7
DA:325,7
DA:326,7
DA:327,2
DA:329,5
DA:332,14
DA:333,7
DA:334,7
DA:335,2
DA:337,5
DA:340,7
DA:341,7
DA:342,7
DA:343,2
DA:345,5
DA:349,0
DA:381,1
DA:383,1
LF:112
LH:111
BRDA:121,0,0,2
BRDA:121,0,1,48
BRDA:121,1,0,50
BRDA:121,1,1,50
BRDA:123,2,0,2
BRDA:123,2,1,46
BRDA:123,3,0,48
BRDA:123,3,1,48
BRDA:123,3,2,46
BRDA:125,4,0,2
BRDA:125,4,1,44
BRDA:125,5,0,46
BRDA:125,5,1,44
BRDA:125,5,2,44
BRDA:127,6,0,2
BRDA:127,6,1,42
BRDA:129,7,0,2
BRDA:129,7,1,40
BRDA:129,8,0,42
BRDA:129,8,1,40
BRDA:129,8,2,40
BRDA:131,9,0,2
BRDA:131,9,1,38
BRDA:132,10,0,40
BRDA:132,10,1,38
BRDA:132,10,2,38
BRDA:248,11,0,2
BRDA:248,11,1,20
BRDA:248,12,0,22
BRDA:248,12,1,20
BRDA:248,12,2,20
BRDA:250,13,0,2
BRDA:250,13,1,18
BRDA:250,14,0,20
BRDA:250,14,1,20
BRDA:252,15,0,2
BRDA:252,15,1,16
BRDA:252,16,0,18
BRDA:252,16,1,4
BRDA:254,17,0,2
BRDA:254,17,1,14
BRDA:254,18,0,16
BRDA:254,18,1,12
BRDA:256,19,0,2
BRDA:256,19,1,12
BRDA:256,20,0,14
BRDA:256,20,1,10
BRDA:258,21,0,2
BRDA:258,21,1,10
BRDA:260,22,0,2
BRDA:260,22,1,8
BRDA:261,23,0,10
BRDA:261,23,1,4
BRDA:261,23,2,4
BRDA:261,23,3,4
BRDA:268,24,0,6
BRDA:268,24,1,2
BRDA:269,25,0,4
BRDA:269,25,1,2
BRDA:269,26,0,6
BRDA:269,26,1,4
BRDA:269,26,2,4
BRDA:269,26,3,2
BRDA:276,27,0,4
BRDA:276,27,1,2
BRDA:277,28,0,4
BRDA:277,28,1,2
BRDA:278,29,0,4
BRDA:278,29,1,2
BRDA:280,30,0,4
BRDA:280,30,1,2
BRDA:291,31,0,20
BRDA:291,31,1,144
BRDA:292,32,0,164
BRDA:292,32,1,55
BRDA:292,32,2,55
BRDA:292,32,3,37
BRDA:302,33,0,143
BRDA:302,33,1,21
BRDA:321,34,0,7
BRDA:321,34,1,14
BRDA:326,35,0,2
BRDA:326,35,1,5
BRDA:332,36,0,7
BRDA:332,36,1,7
BRDA:334,37,0,2
BRDA:334,37,1,5
BRDA:340,38,0,7
BRDA:340,38,1,0
BRDA:342,39,0,2
BRDA:342,39,1,5
BRF:91
BRH:90
end_of_record
TN:
SF:mq/constants.js
FNF:0
FNH:0
DA:3,1
LF:1
LH:1
BRF:0
BRH:0
end_of_record
TN:
SF:mq/lib.js
FN:89,(anonymous_0)
FN:121,getConnection
FN:157,removeConnection
FN:187,newDataQueues
FNF:4
FNH:4
FNDA:46,(anonymous_0)
FNDA:82,getConnection
FNDA:50,removeConnection
FNDA:90,newDataQueues
DA:3,1
DA:5,1
DA:6,1
DA:7,1
DA:9,1
DA:90,46
DA:91,4
DA:94,42
DA:95,42
DA:108,1
DA:109,1
DA:122,82
DA:124,82
DA:125,82
DA:126,36
DA:130,46
DA:133,21
DA:134,21
DA:137,21
DA:138,21
DA:140,4
DA:142,42
DA:143,42
DA:144,42
DA:145,42
DA:158,50
DA:159,50
DA:160,8
DA:163,42
DA:164,42
DA:165,38
DA:167,42
DA:168,42
DA:188,90
DA:189,4
DA:190,86
DA:191,4
DA:192,82
DA:193,4
DA:194,78
DA:195,4
DA:196,74
DA:197,4
DA:198,70
DA:199,4
DA:200,66
DA:201,4
DA:202,62
DA:203,4
DA:204,58
DA:208,4
DA:209,54
DA:210,4
DA:211,50
DA:212,4
DA:215,46
DA:216,4
DA:219,42
DA:220,42
DA:222,42
DA:231,42
DA:233,42
DA:234,42
DA:235,42
DA:237,42
DA:238,42
DA:239,42
DA:241,42
DA:242,42
DA:243,42
DA:245,42
DA:246,42
DA:247,42
DA:249,42
DA:258,1
LF:75
LH:75
BRDA:90,0,0,4
BRDA:90,0,1,42
BRDA:90,1,0,46
BRDA:90,1,1,25
BRDA:125,2,0,36
BRDA:125,2,1,46
BRDA:130,3,0,21
BRDA:130,3,1,21
BRDA:130,3,2,21
BRDA:130,3,3,21
BRDA:130,3,4,4
BRDA:159,4,0,8
BRDA:159,4,1,42
BRDA:164,5,0,38
BRDA:164,5,1,4
BRDA:188,6,0,4
BRDA:188,6,1,86
BRDA:190,7,0,4
BRDA:190,7,1,82
BRDA:190,8,0,86
BRDA:190,8,1,82
BRDA:190,8,2,82
BRDA:192,9,0,4
BRDA:192,9,1,78
BRDA:192,10,0,82
BRDA:192,10,1,78
BRDA:194,11,0,4
BRDA:194,11,1,74
BRDA:196,12,0,4
BRDA:196,12,1,70
BRDA:196,13,0,74
BRDA:196,13,1,74
BRDA:198,14,0,4
BRDA:198,14,1,66
BRDA:198,15,0,70
BRDA:198,15,1,70
BRDA:200,16,0,4
BRDA:200,16,1,62
BRDA:200,17,0,66
BRDA:200,17,1,62
BRDA:202,18,0,4
BRDA:202,18,1,58
BRDA:202,19,0,62
BRDA:202,19,1,58
BRDA:204,20,0,4
BRDA:204,20,1,54
BRDA:205,21,0,58
BRDA:205,21,1,12
BRDA:205,21,2,12
BRDA:205,21,3,12
BRDA:209,22,0,4
BRDA:209,22,1,50
BRDA:209,23,0,54
BRDA:209,23,1,12
BRDA:211,24,0,4
BRDA:211,24,1,46
BRDA:211,25,0,50
BRDA:211,25,1,46
BRDA:215,26,0,4
BRDA:215,26,1,42
BRDA:215,27,0,46
BRDA:215,27,1,46
BRDA:215,27,2,42
BRDA:215,27,3,0
BRDA:219,28,0,21
BRDA:219,28,1,21
BRDA:220,29,0,42
BRDA:220,29,1,0
BRDA:227,30,0,42
BRDA:227,30,1,38
BRDA:228,31,0,42
BRDA:228,31,1,38
BRDA:239,32,0,22
BRDA:239,32,1,20
BRDA:247,33,0,22
BRDA:247,33,1,20
BRF:76
BRH:74
end_of_record
TN:
SF:mq/network.js
FN:108,(anonymous_0)
FN:162,(anonymous_1)
FN:169,(anonymous_2)
FN:176,(anonymous_3)
FN:183,(anonymous_4)
FN:190,(anonymous_5)
FN:197,(anonymous_6)
FN:214,(anonymous_7)
FN:234,(anonymous_8)
FN:270,(anonymous_9)
FN:328,(anonymous_10)
FN:337,(anonymous_11)
FNF:12
FNH:12
FNDA:50,(anonymous_0)
FNDA:2,(anonymous_1)
FNDA:2,(anonymous_2)
FNDA:2,(anonymous_3)
FNDA:2,(anonymous_4)
FNDA:4,(anonymous_5)
FNDA:2,(anonymous_6)
FNDA:24,(anonymous_7)
FNDA:14,(anonymous_8)
FNDA:12,(anonymous_9)
FNDA:7,(anonymous_10)
FNDA:13,(anonymous_11)
DA:3,1
DA:4,1
DA:6,1
DA:7,1
DA:8,1
DA:22,1
DA:23,1
DA:109,50
DA:111,50
DA:112,2
DA:113,48
DA:114,2
DA:115,46
DA:116,2
DA:117,44
DA:118,2
DA:119,42
DA:123,2
DA:126,40
DA:127,38
DA:128,22
DA:130,22
DA:131,22
DA:132,22
DA:133,22
DA:134,22
DA:135,22
DA:136,22
DA:137,22
DA:138,22
DA:140,22
DA:141,22
DA:142,22
DA:144,22
DA:145,22
DA:146,22
DA:148,22
DA:149,22
DA:150,22
DA:152,22
DA:153,22
DA:154,22
DA:156,22
DA:163,2
DA:170,2
DA:177,2
DA:184,2
DA:191,4
DA:198,2
DA:215,24
DA:216,24
DA:217,24
DA:218,24
DA:219,24
DA:220,24
DA:221,24
DA:222,24
DA:223,24
DA:235,14
DA:236,2
DA:237,12
DA:238,2
DA:239,10
DA:240,2
DA:241,8
DA:242,2
DA:243,6
DA:249,2
DA:252,4
DA:258,4
DA:259,4
DA:271,12
DA:272,2
DA:273,10
DA:274,2
DA:275,8
DA:276,2
DA:277,6
DA:278,2
DA:281,4
DA:286,4
DA:287,4
DA:295,180
DA:301,22
DA:303,158
DA:306,180
DA:307,157
DA:309,23
DA:310,23
DA:318,22
DA:319,22
DA:321,2
DA:322,2
DA:325,20
DA:326,7
DA:327,7
DA:328,7
DA:329,7
DA:330,2
DA:332,5
DA:335,13
DA:336,13
DA:337,13
DA:338,13
DA:339,2
DA:341,11
DA:345,0
DA:377,1
DA:379,1
LF:109
LH:108
BRDA:111,0,0,2
BRDA:111,0,1,48
BRDA:111,1,0,50
BRDA:111,1,1,50
BRDA:113,2,0,2
BRDA:113,2,1,46
BRDA:113,3,0,48
BRDA:113,3,1,48
BRDA:113,3,2,46
BRDA:115,4,0,2
BRDA:115,4,1,44
BRDA:115,5,0,46
BRDA:115,5,1,44
BRDA:115,5,2,44
BRDA:117,6,0,2
BRDA:117,6,1,42
BRDA:117,7,0,44
BRDA:117,7,1,42
BRDA:117,7,2,42
BRDA:119,8,0,2
BRDA:119,8,1,40
BRDA:120,9,0,42
BRDA:120,9,1,40
BRDA:235,10,0,2
BRDA:235,10,1,12
BRDA:235,11,0,14
BRDA:235,11,1,12
BRDA:235,11,2,12
BRDA:237,12,0,2
BRDA:237,12,1,10
BRDA:237,13,0,12
BRDA:237,13,1,12
BRDA:237,13,2,10
BRDA:239,14,0,2
BRDA:239,14,1,8
BRDA:239,15,0,10
BRDA:239,15,1,8
BRDA:241,16,0,2
BRDA:241,16,1,6
BRDA:243,17,0,2
BRDA:243,17,1,4
BRDA:244,18,0,6
BRDA:244,18,1,4
BRDA:244,18,2,4
BRDA:244,18,3,4
BRDA:256,19,0,4
BRDA:256,19,1,2
BRDA:271,20,0,2
BRDA:271,20,1,10
BRDA:271,21,0,12
BRDA:271,21,1,10
BRDA:271,21,2,10
BRDA:273,22,0,2
BRDA:273,22,1,8
BRDA:273,23,0,10
BRDA:273,23,1,8
BRDA:275,24,0,2
BRDA:275,24,1,6
BRDA:277,25,0,2
BRDA:277,25,1,4
BRDA:277,26,0,6
BRDA:277,26,1,4
BRDA:284,27,0,4
BRDA:284,27,1,2
BRDA:295,28,0,22
BRDA:295,28,1,158
BRDA:296,29,0,180
BRDA:296,29,1,84
BRDA:296,29,2,43
BRDA:296,29,3,43
BRDA:306,30,0,157
BRDA:306,30,1,23
BRDA:325,31,0,7
BRDA:325,31,1,13
BRDA:329,32,0,2
BRDA:329,32,1,5
BRDA:335,33,0,13
BRDA:335,33,1,0
BRDA:338,34,0,2
BRDA:338,34,1,11
BRF:80
BRH:79
end_of_record
TN:
SF:mq/callback/application.js
FN:119,(anonymous_0)
FN:176,(anonymous_1)
FN:183,(anonymous_2)
FN:190,(anonymous_3)
FN:197,(anonymous_4)
FN:204,(anonymous_5)
FN:211,(anonymous_6)
FN:228,(anonymous_7)
FN:233,(anonymous_8)
FN:235,(anonymous_9)
FN:237,(anonymous_10)
FN:239,(anonymous_11)
FN:241,(anonymous_12)
FN:243,(anonymous_13)
FN:245,(anonymous_14)
FN:247,(anonymous_15)
FN:249,(anonymous_16)
FN:250,(anonymous_17)
FN:265,(anonymous_18)
FN:301,(anonymous_19)
FN:335,(anonymous_20)
FN:343,(anonymous_21)
FN:345,(anonymous_22)
FN:347,(anonymous_23)
FN:351,(anonymous_24)
FN:353,(anonymous_25)
FN:355,(anonymous_26)
FN:359,(anonymous_27)
FN:361,(anonymous_28)
FN:363,(anonymous_29)
FNF:30
FNH:30
FNDA:50,(anonymous_0)
FNDA:2,(anonymous_1)
FNDA:2,(anonymous_2)
FNDA:2,(anonymous_3)
FNDA:2,(anonymous_4)
FNDA:4,(anonymous_5)
FNDA:2,(anonymous_6)
FNDA:22,(anonymous_7)
FNDA:22,(anonymous_8)
FNDA:22,(anonymous_9)
FNDA:22,(anonymous_10)
FNDA:22,(anonymous_11)
FNDA:22,(anonymous_12)
FNDA:22,(anonymous_13)
FNDA:22,(anonymous_14)
FNDA:22,(anonymous_15)
FNDA:22,(anonymous_16)
FNDA:22,(anonymous_17)
FNDA:22,(anonymous_18)
FNDA:4,(anonymous_19)
FNDA:2,(anonymous_20)
FNDA:7,(anonymous_21)
FNDA:2,(anonymous_22)
FNDA:5,(anonymous_23)
FNDA:7,(anonymous_24)
FNDA:2,(anonymous_25)
FNDA:5,(anonymous_26)
FNDA:7,(anonymous_27)
FNDA:2,(anonymous_28)
FNDA:5,(anonymous_29)
DA:3,1
DA:4,1
DA:6,1
DA:8,1
DA:9,1
DA:17,1
DA:18,1
DA:120,50
DA:122,50
DA:123,2
DA:124,48
DA:125,2
DA:126,46
DA:127,2
DA:128,44
DA:129,2
DA:130,42
DA:131,2
DA:132,40
DA:137,2
DA:140,38
DA:141,36
DA:142,20
DA:144,20
DA:145,20
DA:146,20
DA:147,20
DA:148,20
DA:149,20
DA:150,20
DA:151,20
DA:152,20
DA:154,20
DA:155,20
DA:156,20
DA:158,20
DA:159,20
DA:160,20
DA:162,20
DA:163,20
DA:164,20
DA:166,20
DA:167,20
DA:168,20
DA:170,20
DA:177,2
DA:184,2
DA:191,2
DA:198,2
DA:205,4
DA:212,2
DA:229,22
DA:231,22
DA:234,22
DA:235,22
DA:238,22
DA:239,22
DA:242,22
DA:243,22
DA:246,22
DA:247,22
DA:250,22
DA:266,22
DA:267,2
DA:268,20
DA:269,2
DA:270,18
DA:271,2
DA:272,16
DA:273,2
DA:274,14
DA:275,2
DA:276,12
DA:277,2
DA:278,10
DA:284,2
DA:286,8
DA:287,6
DA:288,4
DA:292,4
DA:300,4
DA:301,4
DA:309,164
DA:315,20
DA:317,144
DA:320,164
DA:321,143
DA:323,21
DA:324,21
DA:332,23
DA:333,23
DA:335,2
DA:336,2
DA:339,21
DA:340,7
DA:341,7
DA:342,7
DA:343,7
DA:344,7
DA:345,2
DA:347,5
DA:350,14
DA:351,7
DA:352,7
DA:353,2
DA:355,5
DA:358,7
DA:359,7
DA:360,7
DA:361,2
DA:363,5
DA:367,0
DA:399,1
DA:401,1
LF:114
LH:113
BRDA:122,0,0,2
BRDA:122,0,1,48
BRDA:122,1,0,50
BRDA:122,1,1,50
BRDA:124,2,0,2
BRDA:124,2,1,46
BRDA:124,3,0,48
BRDA:124,3,1,48
BRDA:124,3,2,46
BRDA:126,4,0,2
BRDA:126,4,1,44
BRDA:126,5,0,46
BRDA:126,5,1,44
BRDA:126,5,2,44
BRDA:128,6,0,2
BRDA:128,6,1,42
BRDA:130,7,0,2
BRDA:130,7,1,40
BRDA:130,8,0,42
BRDA:130,8,1,40
BRDA:130,8,2,40
BRDA:132,9,0,2
BRDA:132,9,1,38
BRDA:133,10,0,40
BRDA:133,10,1,38
BRDA:133,10,2,38
BRDA:235,11,0,22
BRDA:235,11,1,22
BRDA:239,12,0,22
BRDA:239,12,1,22
BRDA:243,13,0,22
BRDA:243,13,1,22
BRDA:247,14,0,22
BRDA:247,14,1,22
BRDA:250,15,0,22
BRDA:250,15,1,22
BRDA:266,16,0,2
BRDA:266,16,1,20
BRDA:266,17,0,22
BRDA:266,17,1,20
BRDA:266,17,2,20
BRDA:268,18,0,2
BRDA:268,18,1,18
BRDA:268,19,0,20
BRDA:268,19,1,20
BRDA:270,20,0,2
BRDA:270,20,1,16
BRDA:270,21,0,18
BRDA:270,21,1,4
BRDA:272,22,0,2
BRDA:272,22,1,14
BRDA:272,23,0,16
BRDA:272,23,1,12
BRDA:274,24,0,2
BRDA:274,24,1,12
BRDA:274,25,0,14
BRDA:274,25,1,10
BRDA:276,26,0,2
BRDA:276,26,1,10
BRDA:278,27,0,2
BRDA:278,27,1,8
BRDA:279,28,0,10
BRDA:279,28,1,4
BRDA:279,28,2,4
BRDA:279,28,3,4
BRDA:286,29,0,6
BRDA:286,29,1,2
BRDA:287,30,0,4
BRDA:287,30,1,2
BRDA:287,31,0,6
BRDA:287,31,1,4
BRDA:287,31,2,4
BRDA:287,31,3,2
BRDA:294,32,0,4
BRDA:294,32,1,2
BRDA:295,33,0,4
BRDA:295,33,1,2
BRDA:296,34,0,4
BRDA:296,34,1,2
BRDA:298,35,0,4
BRDA:298,35,1,2
BRDA:301,36,0,4
BRDA:301,36,1,4
BRDA:309,37,0,20
BRDA:309,37,1,144
BRDA:310,38,0,164
BRDA:310,38,1,60
BRDA:310,38,2,59
BRDA:310,38,3,35
BRDA:320,39,0,143
BRDA:320,39,1,21
BRDA:339,40,0,7
BRDA:339,40,1,14
BRDA:344,41,0,2
BRDA:344,41,1,5
BRDA:350,42,0,7
BRDA:350,42,1,7
BRDA:352,43,0,2
BRDA:352,43,1,5
BRDA:358,44,0,7
BRDA:358,44,1,0
BRDA:360,45,0,2
BRDA:360,45,1,5
BRF:103
BRH:102
end_of_record
TN:
SF:mq/callback/lib.js
FN:89,(anonymous_0)
FN:121,getConnection
FN:158,removeConnection
FN:161,(anonymous_3)
FN:169,(anonymous_4)
FN:188,newDataQueues
FNF:6
FNH:6
FNDA:46,(anonymous_0)
FNDA:82,getConnection
FNDA:50,removeConnection
FNDA:8,(anonymous_3)
FNDA:42,(anonymous_4)
FNDA:90,newDataQueues
DA:3,1
DA:5,1
DA:6,1
DA:7,1
DA:9,1
DA:90,46
DA:91,4
DA:94,42
DA:95,42
DA:108,1
DA:109,1
DA:122,82
DA:124,82
DA:125,82
DA:126,36
DA:130,46
DA:133,21
DA:134,21
DA:137,21
DA:138,21
DA:140,4
DA:142,42
DA:143,42
DA:144,42
DA:145,42
DA:159,50
DA:160,50
DA:161,8
DA:164,42
DA:165,42
DA:166,38
DA:168,42
DA:169,42
DA:189,90
DA:190,4
DA:191,86
DA:192,4
DA:193,82
DA:194,4
DA:195,78
DA:196,4
DA:197,74
DA:198,4
DA:199,70
DA:200,4
DA:201,66
DA:202,4
DA:203,62
DA:204,4
DA:205,58
DA:209,4
DA:210,54
DA:211,4
DA:212,50
DA:213,4
DA:216,46
DA:217,4
DA:220,42
DA:221,42
DA:223,42
DA:232,42
DA:234,42
DA:235,42
DA:236,42
DA:238,42
DA:239,42
DA:240,42
DA:242,42
DA:243,42
DA:244,42
DA:246,42
DA:247,42
DA:248,42
DA:250,42
DA:259,1
LF:75
LH:75
BRDA:90,0,0,4
BRDA:90,0,1,42
BRDA:90,1,0,46
BRDA:90,1,1,25
BRDA:125,2,0,36
BRDA:125,2,1,46
BRDA:130,3,0,21
BRDA:130,3,1,21
BRDA:130,3,2,21
BRDA:130,3,3,21
BRDA:130,3,4,4
BRDA:160,4,0,8
BRDA:160,4,1,42
BRDA:165,5,0,38
BRDA:165,5,1,4
BRDA:169,6,0,42
BRDA:169,6,1,42
BRDA:189,7,0,4
BRDA:189,7,1,86
BRDA:191,8,0,4
BRDA:191,8,1,82
BRDA:191,9,0,86
BRDA:191,9,1,82
BRDA:191,9,2,82
BRDA:193,10,0,4
BRDA:193,10,1,78
BRDA:193,11,0,82
BRDA:193,11,1,78
BRDA:195,12,0,4
BRDA:195,12,1,74
BRDA:197,13,0,4
BRDA:197,13,1,70
BRDA:197,14,0,74
BRDA:197,14,1,74
BRDA:199,15,0,4
BRDA:199,15,1,66
BRDA:199,16,0,70
BRDA:199,16,1,70
BRDA:201,17,0,4
BRDA:201,17,1,62
BRDA:201,18,0,66
BRDA:201,18,1,62
BRDA:203,19,0,4
BRDA:203,19,1,58
BRDA:203,20,0,62
BRDA:203,20,1,58
BRDA:205,21,0,4
BRDA:205,21,1,54
BRDA:206,22,0,58
BRDA:206,22,1,12
BRDA:206,22,2,12
BRDA:206,22,3,12
BRDA:210,23,0,4
BRDA:210,23,1,50
BRDA:210,24,0,54
BRDA:210,24,1,12
BRDA:212,25,0,4
BRDA:212,25,1,46
BRDA:212,26,0,50
BRDA:212,26,1,46
BRDA:216,27,0,4
BRDA:216,27,1,42
BRDA:216,28,0,46
BRDA:216,28,1,46
BRDA:216,28,2,42
BRDA:216,28,3,0
BRDA:220,29,0,21
BRDA:220,29,1,21
BRDA:221,30,0,42
BRDA:221,30,1,0
BRDA:228,31,0,42
BRDA:228,31,1,38
BRDA:229,32,0,42
BRDA:229,32,1,38
BRDA:240,33,0,22
BRDA:240,33,1,20
BRDA:248,34,0,22
BRDA:248,34,1,20
BRF:78
BRH:76
end_of_record
TN:
SF:mq/callback/network.js
FN:109,(anonymous_0)
FN:163,(anonymous_1)
FN:170,(anonymous_2)
FN:177,(anonymous_3)
FN:184,(anonymous_4)
FN:191,(anonymous_5)
FN:198,(anonymous_6)
FN:215,(anonymous_7)
FN:220,(anonymous_8)
FN:222,(anonymous_9)
FN:224,(anonymous_10)
FN:226,(anonymous_11)
FN:228,(anonymous_12)
FN:230,(anonymous_13)
FN:232,(anonymous_14)
FN:234,(anonymous_15)
FN:236,(anonymous_16)
FN:237,(anonymous_17)
FN:252,(anonymous_18)
FN:277,(anonymous_19)
FN:288,(anonymous_20)
FN:305,(anonymous_21)
FN:339,(anonymous_22)
FN:347,(anonymous_23)
FN:349,(anonymous_24)
FN:351,(anonymous_25)
FN:356,(anonymous_26)
FN:358,(anonymous_27)
FN:360,(anonymous_28)
FNF:29
FNH:29
FNDA:50,(anonymous_0)
FNDA:2,(anonymous_1)
FNDA:2,(anonymous_2)
FNDA:2,(anonymous_3)
FNDA:2,(anonymous_4)
FNDA:4,(anonymous_5)
FNDA:2,(anonymous_6)
FNDA:24,(anonymous_7)
FNDA:24,(anonymous_8)
FNDA:24,(anonymous_9)
FNDA:24,(anonymous_10)
FNDA:24,(anonymous_11)
FNDA:24,(anonymous_12)
FNDA:24,(anonymous_13)
FNDA:24,(anonymous_14)
FNDA:24,(anonymous_15)
FNDA:24,(anonymous_16)
FNDA:24,(anonymous_17)
FNDA:14,(anonymous_18)
FNDA:4,(anonymous_19)
FNDA:12,(anonymous_20)
FNDA:4,(anonymous_21)
FNDA:2,(anonymous_22)
FNDA:7,(anonymous_23)
FNDA:2,(anonymous_24)
FNDA:5,(anonymous_25)
FNDA:13,(anonymous_26)
FNDA:2,(anonymous_27)
FNDA:11,(anonymous_28)
DA:3,1
DA:4,1
DA:6,1
DA:8,1
DA:9,1
DA:23,1
DA:24,1
DA:110,50
DA:112,50
DA:113,2
DA:114,48
DA:115,2
DA:116,46
DA:117,2
DA:118,44
DA:119,2
DA:120,42
DA:124,2
DA:127,40
DA:128,38
DA:129,22
DA:131,22
DA:132,22
DA:133,22
DA:134,22
DA:135,22
DA:136,22
DA:137,22
DA:138,22
DA:139,22
DA:141,22
DA:142,22
DA:143,22
DA:145,22
DA:146,22
DA:147,22
DA:149,22
DA:150,22
DA:151,22
DA:153,22
DA:154,22
DA:155,22
DA:157,22
DA:164,2
DA:171,2
DA:178,2
DA:185,2
DA:192,4
DA:199,2
DA:216,24
DA:218,24
DA:221,24
DA:222,24
DA:225,24
DA:226,24
DA:229,24
DA:230,24
DA:233,24
DA:234,24
DA:237,24
DA:253,14
DA:254,2
DA:255,12
DA:256,2
DA:257,10
DA:258,2
DA:259,8
DA:260,2
DA:261,6
DA:267,2
DA:270,4
DA:276,4
DA:277,4
DA:289,12
DA:290,2
DA:291,10
DA:292,2
DA:293,8
DA:294,2
DA:295,6
DA:296,2
DA:299,4
DA:304,4
DA:305,4
DA:313,180
DA:319,22
DA:321,158
DA:324,180
DA:325,157
DA:327,23
DA:328,23
DA:336,22
DA:337,22
DA:339,2
DA:340,2
DA:343,20
DA:344,20
DA:345,7
DA:346,7
DA:347,7
DA:348,7
DA:349,2
DA:351,5
DA:354,13
DA:355,13
DA:356,13
DA:357,13
DA:358,2
DA:360,11
DA:364,0
DA:396,1
DA:398,1
LF:112
LH:111
BRDA:112,0,0,2
BRDA:112,0,1,48
BRDA:112,1,0,50
BRDA:112,1,1,50
BRDA:114,2,0,2
BRDA:114,2,1,46
BRDA:114,3,0,48
BRDA:114,3,1,48
BRDA:114,3,2,46
BRDA:116,4,0,2
BRDA:116,4,1,44
BRDA:116,5,0,46
BRDA:116,5,1,44
BRDA:116,5,2,44
BRDA:118,6,0,2
BRDA:118,6,1,42
BRDA:118,7,0,44
BRDA:118,7,1,42
BRDA:118,7,2,42
BRDA:120,8,0,2
BRDA:120,8,1,40
BRDA:121,9,0,42
BRDA:121,9,1,40
BRDA:222,10,0,24
BRDA:222,10,1,24
BRDA:226,11,0,24
BRDA:226,11,1,24
BRDA:230,12,0,24
BRDA:230,12,1,24
BRDA:234,13,0,24
BRDA:234,13,1,24
BRDA:237,14,0,24
BRDA:237,14,1,24
BRDA:253,15,0,2
BRDA:253,15,1,12
BRDA:253,16,0,14
BRDA:253,16,1,12
BRDA:253,16,2,12
BRDA:255,17,0,2
BRDA:255,17,1,10
BRDA:255,18,0,12
BRDA:255,18,1,12
BRDA:255,18,2,10
BRDA:257,19,0,2
BRDA:257,19,1,8
BRDA:257,20,0,10
BRDA:257,20,1,8
BRDA:259,21,0,2
BRDA:259,21,1,6
BRDA:261,22,0,2
BRDA:261,22,1,4
BRDA:262,23,0,6
BRDA:262,23,1,4
BRDA:262,23,2,4
BRDA:262,23,3,4
BRDA:274,24,0,4
BRDA:274,24,1,2
BRDA:277,25,0,4
BRDA:277,25,1,4
BRDA:289,26,0,2
BRDA:289,26,1,10
BRDA:289,27,0,12
BRDA:289,27,1,10
BRDA:289,27,2,10
BRDA:291,28,0,2
BRDA:291,28,1,8
BRDA:291,29,0,10
BRDA:291,29,1,8
BRDA:293,30,0,2
BRDA:293,30,1,6
BRDA:295,31,0,2
BRDA:295,31,1,4
BRDA:295,32,0,6
BRDA:295,32,1,4
BRDA:302,33,0,4
BRDA:302,33,1,2
BRDA:305,34,0,4
BRDA:305,34,1,4
BRDA:313,35,0,22
BRDA:313,35,1,158
BRDA:314,36,0,180
BRDA:314,36,1,86
BRDA:314,36,2,44
BRDA:314,36,3,43
BRDA:324,37,0,157
BRDA:324,37,1,23
BRDA:344,38,0,7
BRDA:344,38,1,13
BRDA:348,39,0,2
BRDA:348,39,1,5
BRDA:354,40,0,13
BRDA:354,40,1,0
BRDA:357,41,0,2
BRDA:357,41,1,11
BRF:94
BRH:93
end_of_record
