TN:
SF:index.js
FNF:0
FNH:0
DA:3,1
DA:4,1
DA:5,1
DA:6,1
DA:7,1
DA:8,1
DA:16,1
LF:7
LH:7
BRF:0
BRH:0
end_of_record
TN:
SF:lib/amqp-connection.js
FN:48,(anonymous_0)
FN:98,(anonymous_1)
FN:105,(anonymous_2)
FN:123,(anonymous_3)
FN:132,(anonymous_4)
FN:150,(anonymous_5)
FN:169,(anonymous_6)
FNF:7
FNH:5
FNDA:38,(anonymous_0)
FNDA:82,(anonymous_1)
FNDA:23,(anonymous_2)
FNDA:26,(anonymous_3)
FNDA:0,(anonymous_4)
FNDA:31,(anonymous_5)
FNDA:0,(anonymous_6)
DA:3,1
DA:4,1
DA:6,1
DA:8,1
DA:9,1
DA:11,1
DA:12,1
DA:13,1
DA:49,38
DA:51,38
DA:52,30
DA:54,8
DA:55,1
DA:57,7
DA:58,4
DA:59,1
DA:60,3
DA:61,1
DA:63,2
DA:64,2
DA:65,1
DA:68,4
DA:72,1
DA:73,3
DA:77,1
DA:78,2
DA:79,1
DA:83,31
DA:89,31
DA:90,31
DA:99,82
DA:106,23
DA:107,1
DA:110,22
DA:111,22
DA:113,22
DA:124,26
DA:125,4
DA:128,22
DA:129,22
DA:132,22
DA:133,22
DA:134,0
DA:135,0
DA:137,22
DA:138,22
DA:139,22
DA:140,0
DA:151,31
DA:155,22
DA:156,22
DA:157,0
DA:160,22
DA:161,22
DA:163,22
DA:164,22
DA:165,22
DA:166,22
DA:167,22
DA:169,0
DA:174,22
DA:175,22
DA:176,22
DA:179,22
DA:180,0
DA:181,0
DA:182,0
DA:187,0
DA:188,0
DA:199,1
LF:70
LH:60
BRDA:51,0,0,30
BRDA:51,0,1,8
BRDA:54,1,0,1
BRDA:54,1,1,7
BRDA:54,2,0,8
BRDA:54,2,1,7
BRDA:54,2,2,7
BRDA:57,3,0,4
BRDA:57,3,1,3
BRDA:58,4,0,1
BRDA:58,4,1,3
BRDA:58,5,0,4
BRDA:58,5,1,4
BRDA:60,6,0,1
BRDA:60,6,1,2
BRDA:64,7,0,1
BRDA:64,7,1,1
BRDA:64,8,0,2
BRDA:64,8,1,1
BRDA:68,9,0,1
BRDA:68,9,1,3
BRDA:69,10,0,4
BRDA:69,10,1,2
BRDA:69,10,2,1
BRDA:73,11,0,1
BRDA:73,11,1,2
BRDA:74,12,0,3
BRDA:74,12,1,2
BRDA:74,12,2,1
BRDA:78,13,0,1
BRDA:78,13,1,1
BRDA:78,14,0,2
BRDA:78,14,1,2
BRDA:84,15,0,31
BRDA:84,15,1,30
BRDA:85,16,0,31
BRDA:85,16,1,31
BRDA:86,17,0,31
BRDA:86,17,1,31
BRDA:87,18,0,31
BRDA:87,18,1,31
BRDA:106,19,0,1
BRDA:106,19,1,22
BRDA:106,20,0,23
BRDA:106,20,1,1
BRDA:124,21,0,4
BRDA:124,21,1,22
BRDA:124,22,0,26
BRDA:124,22,1,22
BRDA:124,22,2,22
BRDA:133,23,0,0
BRDA:133,23,1,22
BRDA:139,24,0,0
BRDA:139,24,1,22
BRDA:156,25,0,0
BRDA:156,25,1,22
BRDA:174,26,0,22
BRDA:174,26,1,0
BRDA:179,27,0,0
BRDA:179,27,1,22
BRDA:179,28,0,22
BRDA:179,28,1,0
BRDA:187,29,0,0
BRDA:187,29,1,0
BRF:64
BRH:56
end_of_record
TN:
SF:lib/amqp-queue.js
FN:72,(anonymous_0)
FN:126,(anonymous_1)
FN:135,(anonymous_2)
FN:144,(anonymous_3)
FN:154,(anonymous_4)
FN:167,(anonymous_5)
FN:189,(anonymous_6)
FN:202,(anonymous_7)
FN:223,(anonymous_8)
FN:235,(anonymous_9)
FN:236,(anonymous_10)
FN:247,(anonymous_11)
FN:260,(anonymous_12)
FN:267,(anonymous_13)
FN:280,(anonymous_14)
FN:287,(anonymous_15)
FN:299,(anonymous_16)
FN:304,(anonymous_17)
FN:345,(anonymous_18)
FN:399,(anonymous_19)
FN:439,(anonymous_20)
FNF:21
FNH:17
FNDA:41,(anonymous_0)
FNDA:1,(anonymous_1)
FNDA:1,(anonymous_2)
FNDA:85,(anonymous_3)
FNDA:16,(anonymous_4)
FNDA:32,(anonymous_5)
FNDA:33,(anonymous_6)
FNDA:0,(anonymous_7)
FNDA:23,(anonymous_8)
FNDA:5,(anonymous_9)
FNDA:5,(anonymous_10)
FNDA:14,(anonymous_11)
FNDA:25,(anonymous_12)
FNDA:23,(anonymous_13)
FNDA:29,(anonymous_14)
FNDA:27,(anonymous_15)
FNDA:27,(anonymous_16)
FNDA:0,(anonymous_17)
FNDA:0,(anonymous_18)
FNDA:0,(anonymous_19)
FNDA:1,(anonymous_20)
DA:3,1
DA:5,1
DA:7,1
DA:8,1
DA:9,1
DA:11,1
DA:13,1
DA:73,41
DA:75,41
DA:76,1
DA:77,40
DA:78,1
DA:79,39
DA:80,1
DA:81,38
DA:82,1
DA:83,37
DA:84,1
DA:85,36
DA:86,1
DA:87,35
DA:91,1
DA:93,34
DA:97,1
DA:99,33
DA:100,1
DA:103,32
DA:112,32
DA:113,32
DA:114,32
DA:115,32
DA:116,32
DA:118,32
DA:127,1
DA:136,1
DA:145,85
DA:155,16
DA:156,1
DA:159,15
DA:168,32
DA:169,1
DA:172,31
DA:173,1
DA:176,30
DA:177,30
DA:179,30
DA:190,33
DA:191,3
DA:192,30
DA:193,0
DA:194,0
DA:195,0
DA:198,30
DA:199,30
DA:202,30
DA:203,30
DA:204,0
DA:205,0
DA:207,30
DA:208,30
DA:209,30
DA:210,0
DA:224,23
DA:225,1
DA:226,22
DA:227,2
DA:228,20
DA:229,1
DA:232,19
DA:233,19
DA:234,19
DA:235,5
DA:236,5
DA:237,5
DA:238,0
DA:240,5
DA:244,14
DA:247,14
DA:261,25
DA:262,1
DA:265,24
DA:266,23
DA:267,23
DA:281,29
DA:282,1
DA:285,28
DA:286,27
DA:287,27
DA:292,86
DA:293,28
DA:295,58
DA:297,58
DA:298,27
DA:299,27
DA:301,31
DA:302,31
DA:303,0
DA:304,0
DA:307,31
DA:309,31
DA:315,31
DA:316,8
DA:318,23
DA:319,23
DA:322,31
DA:324,31
DA:325,31
DA:326,31
DA:327,31
DA:328,31
DA:331,31
DA:332,17
DA:333,17
DA:336,31
DA:337,31
DA:339,0
DA:340,0
DA:341,0
DA:343,0
DA:344,0
DA:345,0
DA:355,50
DA:356,50
DA:357,50
DA:373,8
DA:375,8
DA:378,8
DA:379,4
DA:382,4
DA:383,4
DA:384,4
DA:386,0
DA:399,23
DA:400,0
DA:410,112
DA:415,84
DA:416,84
DA:418,28
DA:420,0
DA:425,114
DA:426,31
DA:427,31
DA:430,114
DA:435,113
DA:437,1
DA:438,1
DA:439,1
DA:465,1
LF:148
LH:130
BRDA:75,0,0,1
BRDA:75,0,1,40
BRDA:75,1,0,41
BRDA:75,1,1,40
BRDA:75,1,2,40
BRDA:77,2,0,1
BRDA:77,2,1,39
BRDA:79,3,0,1
BRDA:79,3,1,38
BRDA:81,4,0,1
BRDA:81,4,1,37
BRDA:83,5,0,1
BRDA:83,5,1,36
BRDA:85,6,0,1
BRDA:85,6,1,35
BRDA:87,7,0,1
BRDA:87,7,1,34
BRDA:88,8,0,35
BRDA:88,8,1,16
BRDA:88,8,2,16
BRDA:88,8,3,15
BRDA:93,9,0,1
BRDA:93,9,1,33
BRDA:94,10,0,34
BRDA:94,10,1,3
BRDA:94,10,2,2
BRDA:99,11,0,1
BRDA:99,11,1,32
BRDA:99,12,0,33
BRDA:99,12,1,3
BRDA:108,13,0,32
BRDA:108,13,1,32
BRDA:110,14,0,32
BRDA:110,14,1,30
BRDA:155,15,0,1
BRDA:155,15,1,15
BRDA:168,16,0,1
BRDA:168,16,1,31
BRDA:168,17,0,32
BRDA:168,17,1,18
BRDA:172,18,0,1
BRDA:172,18,1,30
BRDA:172,19,0,31
BRDA:172,19,1,1
BRDA:190,20,0,3
BRDA:190,20,1,30
BRDA:190,21,0,33
BRDA:190,21,1,33
BRDA:192,22,0,0
BRDA:192,22,1,30
BRDA:203,23,0,0
BRDA:203,23,1,30
BRDA:209,24,0,0
BRDA:209,24,1,30
BRDA:224,25,0,1
BRDA:224,25,1,22
BRDA:226,26,0,2
BRDA:226,26,1,20
BRDA:228,27,0,1
BRDA:228,27,1,19
BRDA:232,28,0,4
BRDA:232,28,1,15
BRDA:233,29,0,4
BRDA:233,29,1,15
BRDA:234,30,0,5
BRDA:234,30,1,14
BRDA:237,31,0,0
BRDA:237,31,1,5
BRDA:261,32,0,1
BRDA:261,32,1,24
BRDA:261,33,0,25
BRDA:261,33,1,24
BRDA:261,33,2,24
BRDA:265,34,0,23
BRDA:265,34,1,1
BRDA:281,35,0,1
BRDA:281,35,1,28
BRDA:281,36,0,29
BRDA:281,36,1,28
BRDA:281,36,2,28
BRDA:285,37,0,27
BRDA:285,37,1,1
BRDA:292,38,0,28
BRDA:292,38,1,58
BRDA:292,39,0,86
BRDA:292,39,1,58
BRDA:297,40,0,27
BRDA:297,40,1,31
BRDA:302,41,0,0
BRDA:302,41,1,31
BRDA:309,42,0,9
BRDA:309,42,1,22
BRDA:315,43,0,8
BRDA:315,43,1,23
BRDA:331,44,0,17
BRDA:331,44,1,14
BRDA:339,45,0,0
BRDA:339,45,1,0
BRDA:356,46,0,50
BRDA:356,46,1,0
BRDA:378,47,0,4
BRDA:378,47,1,4
BRDA:410,48,0,28
BRDA:410,48,1,56
BRDA:410,48,2,84
BRDA:410,48,3,84
BRDA:410,48,4,28
BRDA:410,48,5,0
BRDA:425,49,0,31
BRDA:425,49,1,83
BRDA:430,50,0,113
BRDA:430,50,1,1
BRDA:431,51,0,114
BRDA:431,51,1,84
BRDA:431,51,2,3
BRF:115
BRH:106
end_of_record
TN:
SF:lib/constants.js
FNF:0
FNH:0
DA:3,1
LF:1
LH:1
BRF:0
BRH:0
end_of_record
TN:
SF:lib/lib.js
FN:7,(anonymous_0)
FNF:1
FNH:1
FNDA:6,(anonymous_0)
DA:8,6
DA:9,6
DA:13,1
LF:3
LH:3
BRF:0
BRH:0
end_of_record
TN:
SF:lib/mqtt-connection.js
FN:61,(anonymous_0)
FN:126,(anonymous_1)
FN:133,(anonymous_2)
FN:151,(anonymous_3)
FN:160,(anonymous_4)
FN:178,(anonymous_5)
FN:192,(anonymous_6)
FN:216,(anonymous_7)
FN:240,(anonymous_8)
FNF:9
FNH:7
FNDA:48,(anonymous_0)
FNDA:52,(anonymous_1)
FNDA:29,(anonymous_2)
FNDA:32,(anonymous_3)
FNDA:0,(anonymous_4)
FNDA:81,(anonymous_5)
FNDA:16,(anonymous_6)
FNDA:13,(anonymous_7)
FNDA:0,(anonymous_8)
DA:3,1
DA:4,1
DA:6,1
DA:7,1
DA:9,1
DA:10,1
DA:12,1
DA:13,1
DA:14,1
DA:62,48
DA:64,48
DA:65,38
DA:67,10
DA:68,1
DA:70,9
DA:71,4
DA:72,1
DA:73,3
DA:74,1
DA:76,2
DA:77,2
DA:78,1
DA:81,6
DA:85,1
DA:86,5
DA:90,1
DA:91,4
DA:92,1
DA:93,3
DA:99,1
DA:100,2
DA:104,1
DA:108,39
DA:116,39
DA:117,39
DA:118,39
DA:127,52
DA:134,29
DA:135,1
DA:138,28
DA:139,28
DA:141,28
DA:152,32
DA:153,4
DA:156,28
DA:157,28
DA:160,28
DA:161,28
DA:162,0
DA:163,0
DA:165,28
DA:166,28
DA:167,28
DA:168,0
DA:179,81
DA:193,16
DA:194,1
DA:195,15
DA:196,1
DA:197,14
DA:198,1
DA:199,13
DA:200,1
DA:203,12
DA:217,13
DA:218,1
DA:221,12
DA:225,28
DA:226,28
DA:233,28
DA:234,0
DA:237,28
DA:238,28
DA:240,0
DA:242,28
DA:243,28
DA:244,28
DA:245,28
DA:246,28
DA:247,28
DA:251,28
DA:252,28
DA:253,28
DA:256,28
DA:257,0
DA:258,0
DA:259,0
DA:264,28
DA:265,28
DA:266,28
DA:271,0
DA:272,0
DA:277,18
DA:278,18
DA:279,18
DA:285,0
DA:286,0
DA:287,0
DA:300,1
LF:99
LH:86
BRDA:64,0,0,38
BRDA:64,0,1,10
BRDA:67,1,0,1
BRDA:67,1,1,9
BRDA:67,2,0,10
BRDA:67,2,1,9
BRDA:67,2,2,9
BRDA:70,3,0,4
BRDA:70,3,1,5
BRDA:71,4,0,1
BRDA:71,4,1,3
BRDA:71,5,0,4
BRDA:71,5,1,4
BRDA:73,6,0,1
BRDA:73,6,1,2
BRDA:77,7,0,1
BRDA:77,7,1,1
BRDA:77,8,0,2
BRDA:77,8,1,1
BRDA:81,9,0,1
BRDA:81,9,1,5
BRDA:82,10,0,6
BRDA:82,10,1,2
BRDA:82,10,2,1
BRDA:86,11,0,1
BRDA:86,11,1,4
BRDA:87,12,0,5
BRDA:87,12,1,2
BRDA:87,12,2,1
BRDA:91,13,0,1
BRDA:91,13,1,3
BRDA:91,14,0,4
BRDA:91,14,1,2
BRDA:93,15,0,1
BRDA:93,15,1,2
BRDA:94,16,0,3
BRDA:94,16,1,1
BRDA:94,16,2,1
BRDA:94,16,3,1
BRDA:100,17,0,1
BRDA:100,17,1,1
BRDA:101,18,0,2
BRDA:101,18,1,1
BRDA:109,19,0,39
BRDA:109,19,1,38
BRDA:110,20,0,39
BRDA:110,20,1,39
BRDA:111,21,0,39
BRDA:111,21,1,39
BRDA:112,22,0,39
BRDA:112,22,1,39
BRDA:113,23,0,39
BRDA:113,23,1,39
BRDA:134,24,0,1
BRDA:134,24,1,28
BRDA:134,25,0,29
BRDA:134,25,1,1
BRDA:152,26,0,4
BRDA:152,26,1,28
BRDA:152,27,0,32
BRDA:152,27,1,28
BRDA:152,27,2,28
BRDA:161,28,0,0
BRDA:161,28,1,28
BRDA:167,29,0,0
BRDA:167,29,1,28
BRDA:193,30,0,1
BRDA:193,30,1,15
BRDA:195,31,0,1
BRDA:195,31,1,14
BRDA:195,32,0,15
BRDA:195,32,1,15
BRDA:195,32,2,15
BRDA:197,33,0,1
BRDA:197,33,1,13
BRDA:199,34,0,1
BRDA:199,34,1,12
BRDA:205,35,0,1
BRDA:205,35,1,11
BRDA:217,36,0,1
BRDA:217,36,1,12
BRDA:233,37,0,0
BRDA:233,37,1,28
BRDA:251,38,0,28
BRDA:251,38,1,0
BRDA:256,39,0,0
BRDA:256,39,1,28
BRDA:256,40,0,28
BRDA:256,40,1,0
BRDA:264,41,0,28
BRDA:264,41,1,0
BRDA:271,42,0,0
BRDA:271,42,1,0
BRDA:278,43,0,18
BRDA:278,43,1,0
BRDA:285,44,0,0
BRDA:285,44,1,0
BRDA:285,45,0,0
BRDA:285,45,1,0
BRF:99
BRH:85
end_of_record
TN:
SF:lib/mqtt-queue.js
FN:62,(anonymous_0)
FN:111,(anonymous_1)
FN:120,(anonymous_2)
FN:129,(anonymous_3)
FN:139,(anonymous_4)
FN:152,(anonymous_5)
FN:182,(anonymous_6)
FN:195,(anonymous_7)
FN:215,(anonymous_8)
FN:228,(anonymous_9)
FN:242,(anonymous_10)
FN:257,(anonymous_11)
FN:271,(anonymous_12)
FN:276,(anonymous_13)
FN:290,(anonymous_14)
FN:293,(anonymous_15)
FN:346,(anonymous_16)
FNF:17
FNH:12
FNDA:34,(anonymous_0)
FNDA:1,(anonymous_1)
FNDA:1,(anonymous_2)
FNDA:21,(anonymous_3)
FNDA:13,(anonymous_4)
FNDA:24,(anonymous_5)
FNDA:25,(anonymous_6)
FNDA:0,(anonymous_7)
FNDA:18,(anonymous_8)
FNDA:0,(anonymous_9)
FNDA:20,(anonymous_10)
FNDA:2,(anonymous_11)
FNDA:21,(anonymous_12)
FNDA:0,(anonymous_13)
FNDA:0,(anonymous_14)
FNDA:0,(anonymous_15)
FNDA:1,(anonymous_16)
DA:3,1
DA:5,1
DA:6,1
DA:7,1
DA:9,1
DA:63,34
DA:65,34
DA:66,1
DA:67,33
DA:68,1
DA:69,32
DA:70,1
DA:71,31
DA:72,1
DA:73,30
DA:74,1
DA:75,29
DA:76,1
DA:77,28
DA:81,1
DA:83,27
DA:87,1
DA:90,26
DA:98,26
DA:99,26
DA:100,26
DA:101,26
DA:103,26
DA:112,1
DA:121,1
DA:130,21
DA:140,13
DA:141,1
DA:144,12
DA:153,24
DA:154,1
DA:157,23
DA:158,1
DA:161,22
DA:162,12
DA:169,22
DA:170,22
DA:172,22
DA:183,25
DA:188,3
DA:192,22
DA:193,22
DA:194,22
DA:195,22
DA:196,22
DA:197,12
DA:199,22
DA:200,22
DA:201,22
DA:202,0
DA:216,18
DA:217,1
DA:218,17
DA:219,2
DA:220,15
DA:221,1
DA:224,14
DA:225,14
DA:228,14
DA:229,0
DA:243,20
DA:244,1
DA:258,2
DA:259,1
DA:264,66
DA:265,22
DA:267,44
DA:269,44
DA:270,21
DA:271,21
DA:273,23
DA:274,23
DA:275,0
DA:276,0
DA:279,23
DA:280,11
DA:281,11
DA:282,11
DA:283,11
DA:287,12
DA:290,12
DA:291,12
DA:292,12
DA:293,0
DA:296,12
DA:297,12
DA:306,18
DA:307,18
DA:308,18
DA:320,60
DA:321,24
DA:323,36
DA:332,88
DA:337,66
DA:342,65
DA:344,1
DA:345,1
DA:346,1
DA:347,1
DA:349,22
DA:351,0
DA:370,1
LF:107
LH:101
BRDA:65,0,0,1
BRDA:65,0,1,33
BRDA:65,1,0,34
BRDA:65,1,1,33
BRDA:65,1,2,33
BRDA:67,2,0,1
BRDA:67,2,1,32
BRDA:69,3,0,1
BRDA:69,3,1,31
BRDA:71,4,0,1
BRDA:71,4,1,30
BRDA:73,5,0,1
BRDA:73,5,1,29
BRDA:75,6,0,1
BRDA:75,6,1,28
BRDA:77,7,0,1
BRDA:77,7,1,27
BRDA:78,8,0,28
BRDA:78,8,1,15
BRDA:78,8,2,14
BRDA:83,9,0,1
BRDA:83,9,1,26
BRDA:84,10,0,27
BRDA:84,10,1,3
BRDA:84,10,2,2
BRDA:95,11,0,26
BRDA:95,11,1,26
BRDA:140,12,0,1
BRDA:140,12,1,12
BRDA:153,13,0,1
BRDA:153,13,1,23
BRDA:153,14,0,24
BRDA:153,14,1,13
BRDA:157,15,0,1
BRDA:157,15,1,22
BRDA:157,16,0,23
BRDA:157,16,1,1
BRDA:161,17,0,12
BRDA:161,17,1,10
BRDA:183,18,0,3
BRDA:183,18,1,22
BRDA:184,19,0,25
BRDA:184,19,1,25
BRDA:184,19,2,22
BRDA:196,20,0,12
BRDA:196,20,1,10
BRDA:201,21,0,0
BRDA:201,21,1,22
BRDA:216,22,0,1
BRDA:216,22,1,17
BRDA:218,23,0,2
BRDA:218,23,1,15
BRDA:220,24,0,1
BRDA:220,24,1,14
BRDA:226,25,0,0
BRDA:226,25,1,14
BRDA:243,26,0,1
BRDA:243,26,1,19
BRDA:243,27,0,20
BRDA:243,27,1,19
BRDA:243,27,2,19
BRDA:258,28,0,1
BRDA:258,28,1,1
BRDA:258,29,0,2
BRDA:258,29,1,1
BRDA:258,29,2,1
BRDA:264,30,0,22
BRDA:264,30,1,44
BRDA:264,31,0,66
BRDA:264,31,1,44
BRDA:269,32,0,21
BRDA:269,32,1,23
BRDA:274,33,0,0
BRDA:274,33,1,23
BRDA:279,34,0,11
BRDA:279,34,1,12
BRDA:288,35,0,1
BRDA:288,35,1,11
BRDA:292,36,0,0
BRDA:292,36,1,12
BRDA:307,37,0,18
BRDA:307,37,1,0
BRDA:320,38,0,24
BRDA:320,38,1,36
BRDA:320,39,0,60
BRDA:320,39,1,36
BRDA:332,40,0,22
BRDA:332,40,1,44
BRDA:332,40,2,66
BRDA:332,40,3,66
BRDA:332,40,4,22
BRDA:332,40,5,0
BRDA:337,41,0,65
BRDA:337,41,1,1
BRDA:338,42,0,66
BRDA:338,42,1,66
BRDA:338,42,2,3
BRF:97
BRH:91
end_of_record
TN:
SF:lib/callback/amqp-connection.js
FN:47,(anonymous_0)
FN:97,(anonymous_1)
FN:104,(anonymous_2)
FN:121,(anonymous_3)
FN:128,(anonymous_4)
FN:135,(anonymous_5)
FN:143,(anonymous_6)
FN:154,(anonymous_7)
FN:163,(anonymous_8)
FN:165,(anonymous_9)
FNF:10
FNH:9
FNDA:38,(anonymous_0)
FNDA:66,(anonymous_1)
FNDA:23,(anonymous_2)
FNDA:27,(anonymous_3)
FNDA:4,(anonymous_4)
FNDA:22,(anonymous_5)
FNDA:21,(anonymous_6)
FNDA:31,(anonymous_7)
FNDA:22,(anonymous_8)
FNDA:0,(anonymous_9)
DA:3,1
DA:4,1
DA:6,1
DA:8,1
DA:10,1
DA:11,1
DA:12,1
DA:48,38
DA:50,38
DA:51,30
DA:53,8
DA:54,1
DA:56,7
DA:57,4
DA:58,1
DA:59,3
DA:60,1
DA:62,2
DA:63,2
DA:64,1
DA:67,4
DA:71,1
DA:72,3
DA:76,1
DA:77,2
DA:78,1
DA:82,31
DA:88,31
DA:89,31
DA:98,66
DA:105,23
DA:106,1
DA:109,22
DA:110,22
DA:112,22
DA:122,27
DA:123,2
DA:126,27
DA:127,5
DA:128,4
DA:130,1
DA:133,22
DA:134,22
DA:135,22
DA:136,22
DA:137,22
DA:138,22
DA:140,22
DA:141,22
DA:142,22
DA:143,21
DA:155,31
DA:159,22
DA:160,22
DA:161,0
DA:163,22
DA:164,22
DA:165,0
DA:168,22
DA:169,22
DA:170,22
DA:171,22
DA:172,22
DA:177,0
DA:178,0
DA:179,0
DA:182,0
DA:183,0
DA:184,0
DA:185,0
DA:190,0
DA:191,0
DA:202,1
LF:73
LH:62
BRDA:50,0,0,30
BRDA:50,0,1,8
BRDA:53,1,0,1
BRDA:53,1,1,7
BRDA:53,2,0,8
BRDA:53,2,1,7
BRDA:53,2,2,7
BRDA:56,3,0,4
BRDA:56,3,1,3
BRDA:57,4,0,1
BRDA:57,4,1,3
BRDA:57,5,0,4
BRDA:57,5,1,4
BRDA:59,6,0,1
BRDA:59,6,1,2
BRDA:63,7,0,1
BRDA:63,7,1,1
BRDA:63,8,0,2
BRDA:63,8,1,1
BRDA:67,9,0,1
BRDA:67,9,1,3
BRDA:68,10,0,4
BRDA:68,10,1,2
BRDA:68,10,2,1
BRDA:72,11,0,1
BRDA:72,11,1,2
BRDA:73,12,0,3
BRDA:73,12,1,2
BRDA:73,12,2,1
BRDA:77,13,0,1
BRDA:77,13,1,1
BRDA:77,14,0,2
BRDA:77,14,1,2
BRDA:83,15,0,31
BRDA:83,15,1,30
BRDA:84,16,0,31
BRDA:84,16,1,31
BRDA:85,17,0,31
BRDA:85,17,1,31
BRDA:86,18,0,31
BRDA:86,18,1,31
BRDA:105,19,0,1
BRDA:105,19,1,22
BRDA:105,20,0,23
BRDA:105,20,1,1
BRDA:122,21,0,2
BRDA:122,21,1,25
BRDA:126,22,0,5
BRDA:126,22,1,22
BRDA:126,23,0,27
BRDA:126,23,1,22
BRDA:126,23,2,22
BRDA:127,24,0,4
BRDA:127,24,1,1
BRDA:136,25,0,22
BRDA:136,25,1,0
BRDA:142,26,0,21
BRDA:142,26,1,1
BRDA:160,27,0,0
BRDA:160,27,1,22
BRDA:164,28,0,0
BRDA:164,28,1,22
BRDA:177,29,0,0
BRDA:177,29,1,0
BRDA:182,30,0,0
BRDA:182,30,1,0
BRDA:182,31,0,0
BRDA:182,31,1,0
BRDA:190,32,0,0
BRDA:190,32,1,0
BRF:70
BRH:59
end_of_record
TN:
SF:lib/callback/amqp-queue.js
FN:72,(anonymous_0)
FN:126,(anonymous_1)
FN:135,(anonymous_2)
FN:144,(anonymous_3)
FN:154,(anonymous_4)
FN:167,(anonymous_5)
FN:188,(anonymous_6)
FN:195,(anonymous_7)
FN:202,(anonymous_8)
FN:209,(anonymous_9)
FN:217,(anonymous_10)
FN:230,(anonymous_11)
FN:236,(anonymous_12)
FN:238,(anonymous_13)
FN:244,(anonymous_14)
FN:254,(anonymous_15)
FN:266,(anonymous_16)
FN:276,(anonymous_17)
FN:287,(anonymous_18)
FN:297,(anonymous_19)
FN:308,(anonymous_20)
FN:313,(anonymous_21)
FN:321,(anonymous_22)
FN:325,(anonymous_23)
FN:334,(anonymous_24)
FN:336,(anonymous_25)
FN:338,(anonymous_26)
FN:342,(anonymous_27)
FN:351,(anonymous_28)
FN:357,(anonymous_29)
FN:360,(anonymous_30)
FN:368,(anonymous_31)
FN:406,(anonymous_32)
FN:408,(anonymous_33)
FN:411,(anonymous_34)
FN:416,(anonymous_35)
FN:420,(anonymous_36)
FN:424,(anonymous_37)
FN:438,(anonymous_38)
FN:476,(anonymous_39)
FNF:40
FNH:37
FNDA:41,(anonymous_0)
FNDA:1,(anonymous_1)
FNDA:1,(anonymous_2)
FNDA:78,(anonymous_3)
FNDA:16,(anonymous_4)
FNDA:32,(anonymous_5)
FNDA:34,(anonymous_6)
FNDA:3,(anonymous_7)
FNDA:0,(anonymous_8)
FNDA:30,(anonymous_9)
FNDA:29,(anonymous_10)
FNDA:23,(anonymous_11)
FNDA:1,(anonymous_12)
FNDA:1,(anonymous_13)
FNDA:5,(anonymous_14)
FNDA:14,(anonymous_15)
FNDA:25,(anonymous_16)
FNDA:23,(anonymous_17)
FNDA:31,(anonymous_18)
FNDA:29,(anonymous_19)
FNDA:27,(anonymous_20)
FNDA:0,(anonymous_21)
FNDA:31,(anonymous_22)
FNDA:31,(anonymous_23)
FNDA:31,(anonymous_24)
FNDA:8,(anonymous_25)
FNDA:23,(anonymous_26)
FNDA:31,(anonymous_27)
FNDA:31,(anonymous_28)
FNDA:17,(anonymous_29)
FNDA:31,(anonymous_30)
FNDA:0,(anonymous_31)
FNDA:8,(anonymous_32)
FNDA:8,(anonymous_33)
FNDA:8,(anonymous_34)
FNDA:4,(anonymous_35)
FNDA:4,(anonymous_36)
FNDA:8,(anonymous_37)
FNDA:23,(anonymous_38)
FNDA:1,(anonymous_39)
DA:3,1
DA:5,1
DA:6,1
DA:8,1
DA:9,1
DA:11,1
DA:13,1
DA:73,41
DA:75,41
DA:76,1
DA:77,40
DA:78,1
DA:79,39
DA:80,1
DA:81,38
DA:82,1
DA:83,37
DA:84,1
DA:85,36
DA:86,1
DA:87,35
DA:91,1
DA:93,34
DA:97,1
DA:99,33
DA:100,1
DA:103,32
DA:112,32
DA:113,32
DA:114,32
DA:115,32
DA:116,32
DA:118,32
DA:127,1
DA:136,1
DA:145,78
DA:155,16
DA:156,1
DA:159,15
DA:168,32
DA:169,1
DA:172,31
DA:173,1
DA:176,30
DA:177,30
DA:179,30
DA:189,34
DA:190,2
DA:193,34
DA:194,4
DA:195,3
DA:197,1
DA:198,30
DA:199,0
DA:200,0
DA:201,0
DA:202,0
DA:206,30
DA:207,30
DA:209,30
DA:210,30
DA:211,30
DA:212,30
DA:214,30
DA:215,30
DA:216,30
DA:217,29
DA:231,23
DA:232,1
DA:233,22
DA:234,1
DA:235,21
DA:236,1
DA:237,20
DA:238,1
DA:241,19
DA:242,19
DA:243,19
DA:244,5
DA:245,5
DA:246,0
DA:248,5
DA:251,14
DA:254,14
DA:267,25
DA:268,1
DA:269,24
DA:270,1
DA:273,23
DA:274,23
DA:276,23
DA:288,31
DA:289,1
DA:290,30
DA:291,1
DA:294,29
DA:295,29
DA:297,29
DA:301,86
DA:302,28
DA:304,58
DA:306,58
DA:307,27
DA:308,27
DA:310,31
DA:311,31
DA:312,0
DA:313,0
DA:316,31
DA:318,31
DA:322,31
DA:325,31
DA:326,31
DA:327,0
DA:329,31
DA:330,31
DA:335,31
DA:336,8
DA:338,23
DA:343,31
DA:344,31
DA:345,31
DA:346,31
DA:347,31
DA:348,31
DA:352,31
DA:353,14
DA:356,17
DA:357,17
DA:361,31
DA:362,31
DA:363,0
DA:364,0
DA:365,0
DA:367,0
DA:368,0
DA:371,31
DA:372,31
DA:383,52
DA:384,52
DA:385,52
DA:401,8
DA:403,8
DA:407,8
DA:408,8
DA:412,8
DA:413,4
DA:416,4
DA:417,4
DA:418,0
DA:420,4
DA:425,8
DA:438,23
DA:447,112
DA:452,84
DA:453,84
DA:455,28
DA:457,0
DA:462,84
DA:463,1
DA:464,1
DA:467,84
DA:472,83
DA:474,1
DA:475,1
DA:476,1
DA:502,1
LF:167
LH:152
BRDA:75,0,0,1
BRDA:75,0,1,40
BRDA:75,1,0,41
BRDA:75,1,1,40
BRDA:75,1,2,40
BRDA:77,2,0,1
BRDA:77,2,1,39
BRDA:79,3,0,1
BRDA:79,3,1,38
BRDA:81,4,0,1
BRDA:81,4,1,37
BRDA:83,5,0,1
BRDA:83,5,1,36
BRDA:85,6,0,1
BRDA:85,6,1,35
BRDA:87,7,0,1
BRDA:87,7,1,34
BRDA:88,8,0,35
BRDA:88,8,1,16
BRDA:88,8,2,16
BRDA:88,8,3,15
BRDA:93,9,0,1
BRDA:93,9,1,33
BRDA:94,10,0,34
BRDA:94,10,1,3
BRDA:94,10,2,2
BRDA:99,11,0,1
BRDA:99,11,1,32
BRDA:99,12,0,33
BRDA:99,12,1,3
BRDA:108,13,0,32
BRDA:108,13,1,32
BRDA:110,14,0,32
BRDA:110,14,1,30
BRDA:155,15,0,1
BRDA:155,15,1,15
BRDA:168,16,0,1
BRDA:168,16,1,31
BRDA:168,17,0,32
BRDA:168,17,1,18
BRDA:172,18,0,1
BRDA:172,18,1,30
BRDA:172,19,0,31
BRDA:172,19,1,1
BRDA:189,20,0,2
BRDA:189,20,1,32
BRDA:193,21,0,4
BRDA:193,21,1,30
BRDA:193,22,0,34
BRDA:193,22,1,34
BRDA:194,23,0,3
BRDA:194,23,1,1
BRDA:198,24,0,0
BRDA:198,24,1,30
BRDA:201,25,0,0
BRDA:201,25,1,0
BRDA:210,26,0,30
BRDA:210,26,1,0
BRDA:216,27,0,29
BRDA:216,27,1,1
BRDA:231,28,0,1
BRDA:231,28,1,22
BRDA:233,29,0,1
BRDA:233,29,1,21
BRDA:235,30,0,1
BRDA:235,30,1,20
BRDA:237,31,0,1
BRDA:237,31,1,19
BRDA:241,32,0,4
BRDA:241,32,1,15
BRDA:242,33,0,4
BRDA:242,33,1,15
BRDA:243,34,0,5
BRDA:243,34,1,14
BRDA:245,35,0,0
BRDA:245,35,1,5
BRDA:267,36,0,1
BRDA:267,36,1,24
BRDA:267,37,0,25
BRDA:267,37,1,24
BRDA:267,37,2,24
BRDA:269,38,0,1
BRDA:269,38,1,23
BRDA:273,39,0,23
BRDA:273,39,1,0
BRDA:288,40,0,1
BRDA:288,40,1,30
BRDA:288,41,0,31
BRDA:288,41,1,30
BRDA:288,41,2,30
BRDA:290,42,0,1
BRDA:290,42,1,29
BRDA:294,43,0,29
BRDA:294,43,1,0
BRDA:301,44,0,28
BRDA:301,44,1,58
BRDA:301,45,0,86
BRDA:301,45,1,58
BRDA:306,46,0,27
BRDA:306,46,1,31
BRDA:311,47,0,0
BRDA:311,47,1,31
BRDA:322,48,0,9
BRDA:322,48,1,22
BRDA:326,49,0,0
BRDA:326,49,1,31
BRDA:335,50,0,8
BRDA:335,50,1,23
BRDA:352,51,0,14
BRDA:352,51,1,17
BRDA:362,52,0,0
BRDA:362,52,1,31
BRDA:363,53,0,0
BRDA:363,53,1,0
BRDA:384,54,0,52
BRDA:384,54,1,0
BRDA:412,55,0,4
BRDA:412,55,1,4
BRDA:417,56,0,0
BRDA:417,56,1,4
BRDA:447,57,0,28
BRDA:447,57,1,56
BRDA:447,57,2,84
BRDA:447,57,3,84
BRDA:447,57,4,28
BRDA:447,57,5,0
BRDA:462,58,0,1
BRDA:462,58,1,83
BRDA:467,59,0,83
BRDA:467,59,1,1
BRDA:468,60,0,84
BRDA:468,60,1,84
BRDA:468,60,2,3
BRF:133
BRH:118
end_of_record
TN:
SF:lib/callback/index.js
FNF:0
FNH:0
DA:3,1
DA:4,1
DA:5,1
DA:6,1
DA:14,1
LF:5
LH:5
BRF:0
BRH:0
end_of_record
TN:
SF:lib/callback/mqtt-connection.js
FN:60,(anonymous_0)
FN:125,(anonymous_1)
FN:132,(anonymous_2)
FN:149,(anonymous_3)
FN:156,(anonymous_4)
FN:164,(anonymous_5)
FN:172,(anonymous_6)
FN:183,(anonymous_7)
FN:197,(anonymous_8)
FN:221,(anonymous_9)
FNF:10
FNH:10
FNDA:48,(anonymous_0)
FNDA:48,(anonymous_1)
FNDA:29,(anonymous_2)
FNDA:33,(anonymous_3)
FNDA:4,(anonymous_4)
FNDA:28,(anonymous_5)
FNDA:27,(anonymous_6)
FNDA:81,(anonymous_7)
FNDA:16,(anonymous_8)
FNDA:13,(anonymous_9)
DA:3,1
DA:4,1
DA:6,1
DA:7,1
DA:9,1
DA:11,1
DA:12,1
DA:13,1
DA:61,48
DA:63,48
DA:64,38
DA:66,10
DA:67,1
DA:69,9
DA:70,4
DA:71,1
DA:72,3
DA:73,1
DA:75,2
DA:76,2
DA:77,1
DA:80,6
DA:84,1
DA:85,5
DA:89,1
DA:90,4
DA:91,1
DA:92,3
DA:98,1
DA:99,2
DA:103,1
DA:107,39
DA:115,39
DA:116,39
DA:117,39
DA:126,48
DA:133,29
DA:134,1
DA:137,28
DA:138,28
DA:140,28
DA:150,33
DA:151,2
DA:154,33
DA:155,5
DA:156,4
DA:158,1
DA:161,28
DA:162,28
DA:164,28
DA:165,28
DA:166,0
DA:167,0
DA:169,28
DA:170,28
DA:171,28
DA:172,27
DA:184,81
DA:198,16
DA:199,1
DA:200,15
DA:201,1
DA:202,14
DA:203,1
DA:204,13
DA:205,1
DA:208,12
DA:222,13
DA:223,1
DA:226,12
DA:230,28
DA:231,28
DA:238,28
DA:239,0
DA:242,28
DA:243,28
DA:244,28
DA:245,28
DA:246,28
DA:247,28
DA:248,28
DA:252,28
DA:253,28
DA:254,28
DA:257,28
DA:258,0
DA:259,0
DA:260,0
DA:265,28
DA:266,28
DA:267,28
DA:272,0
DA:273,0
DA:278,18
DA:279,18
DA:280,18
DA:286,0
DA:287,0
DA:288,0
DA:301,1
LF:100
LH:89
BRDA:63,0,0,38
BRDA:63,0,1,10
BRDA:66,1,0,1
BRDA:66,1,1,9
BRDA:66,2,0,10
BRDA:66,2,1,9
BRDA:66,2,2,9
BRDA:69,3,0,4
BRDA:69,3,1,5
BRDA:70,4,0,1
BRDA:70,4,1,3
BRDA:70,5,0,4
BRDA:70,5,1,4
BRDA:72,6,0,1
BRDA:72,6,1,2
BRDA:76,7,0,1
BRDA:76,7,1,1
BRDA:76,8,0,2
BRDA:76,8,1,1
BRDA:80,9,0,1
BRDA:80,9,1,5
BRDA:81,10,0,6
BRDA:81,10,1,2
BRDA:81,10,2,1
BRDA:85,11,0,1
BRDA:85,11,1,4
BRDA:86,12,0,5
BRDA:86,12,1,2
BRDA:86,12,2,1
BRDA:90,13,0,1
BRDA:90,13,1,3
BRDA:90,14,0,4
BRDA:90,14,1,2
BRDA:92,15,0,1
BRDA:92,15,1,2
BRDA:93,16,0,3
BRDA:93,16,1,1
BRDA:93,16,2,1
BRDA:93,16,3,1
BRDA:99,17,0,1
BRDA:99,17,1,1
BRDA:100,18,0,2
BRDA:100,18,1,1
BRDA:108,19,0,39
BRDA:108,19,1,38
BRDA:109,20,0,39
BRDA:109,20,1,39
BRDA:110,21,0,39
BRDA:110,21,1,39
BRDA:111,22,0,39
BRDA:111,22,1,39
BRDA:112,23,0,39
BRDA:112,23,1,39
BRDA:133,24,0,1
BRDA:133,24,1,28
BRDA:133,25,0,29
BRDA:133,25,1,1
BRDA:150,26,0,2
BRDA:150,26,1,31
BRDA:154,27,0,5
BRDA:154,27,1,28
BRDA:154,28,0,33
BRDA:154,28,1,28
BRDA:154,28,2,28
BRDA:155,29,0,4
BRDA:155,29,1,1
BRDA:165,30,0,0
BRDA:165,30,1,28
BRDA:171,31,0,27
BRDA:171,31,1,1
BRDA:198,32,0,1
BRDA:198,32,1,15
BRDA:200,33,0,1
BRDA:200,33,1,14
BRDA:200,34,0,15
BRDA:200,34,1,15
BRDA:200,34,2,15
BRDA:202,35,0,1
BRDA:202,35,1,13
BRDA:204,36,0,1
BRDA:204,36,1,12
BRDA:210,37,0,1
BRDA:210,37,1,11
BRDA:222,38,0,1
BRDA:222,38,1,12
BRDA:238,39,0,0
BRDA:238,39,1,28
BRDA:252,40,0,28
BRDA:252,40,1,0
BRDA:257,41,0,0
BRDA:257,41,1,28
BRDA:257,42,0,28
BRDA:257,42,1,0
BRDA:265,43,0,28
BRDA:265,43,1,0
BRDA:272,44,0,0
BRDA:272,44,1,0
BRDA:279,45,0,18
BRDA:279,45,1,0
BRDA:286,46,0,0
BRDA:286,46,1,0
BRDA:286,47,0,0
BRDA:286,47,1,0
BRF:103
BRH:90
end_of_record
TN:
SF:lib/callback/mqtt-queue.js
FN:61,(anonymous_0)
FN:110,(anonymous_1)
FN:119,(anonymous_2)
FN:128,(anonymous_3)
FN:138,(anonymous_4)
FN:151,(anonymous_5)
FN:180,(anonymous_6)
FN:191,(anonymous_7)
FN:199,(anonymous_8)
FN:206,(anonymous_9)
FN:219,(anonymous_10)
FN:225,(anonymous_11)
FN:227,(anonymous_12)
FN:234,(anonymous_13)
FN:245,(anonymous_14)
FN:252,(anonymous_15)
FN:263,(anonymous_16)
FN:270,(anonymous_17)
FN:281,(anonymous_18)
FN:286,(anonymous_19)
FN:299,(anonymous_20)
FN:302,(anonymous_21)
FN:356,(anonymous_22)
FNF:23
FNH:20
FNDA:34,(anonymous_0)
FNDA:1,(anonymous_1)
FNDA:1,(anonymous_2)
FNDA:20,(anonymous_3)
FNDA:13,(anonymous_4)
FNDA:24,(anonymous_5)
FNDA:26,(anonymous_6)
FNDA:3,(anonymous_7)
FNDA:22,(anonymous_8)
FNDA:21,(anonymous_9)
FNDA:18,(anonymous_10)
FNDA:1,(anonymous_11)
FNDA:1,(anonymous_12)
FNDA:14,(anonymous_13)
FNDA:20,(anonymous_14)
FNDA:18,(anonymous_15)
FNDA:2,(anonymous_16)
FNDA:0,(anonymous_17)
FNDA:21,(anonymous_18)
FNDA:0,(anonymous_19)
FNDA:12,(anonymous_20)
FNDA:0,(anonymous_21)
FNDA:1,(anonymous_22)
DA:3,1
DA:5,1
DA:6,1
DA:8,1
DA:62,34
DA:64,34
DA:65,1
DA:66,33
DA:67,1
DA:68,32
DA:69,1
DA:70,31
DA:71,1
DA:72,30
DA:73,1
DA:74,29
DA:75,1
DA:76,28
DA:80,1
DA:82,27
DA:86,1
DA:89,26
DA:97,26
DA:98,26
DA:99,26
DA:100,26
DA:102,26
DA:111,1
DA:120,1
DA:129,20
DA:139,13
DA:140,1
DA:143,12
DA:152,24
DA:153,1
DA:156,23
DA:157,1
DA:160,22
DA:161,12
DA:168,22
DA:169,22
DA:171,22
DA:181,26
DA:182,2
DA:185,26
DA:190,4
DA:191,3
DA:193,1
DA:196,22
DA:197,22
DA:198,22
DA:199,22
DA:200,22
DA:201,12
DA:203,22
DA:204,22
DA:205,22
DA:206,21
DA:220,18
DA:221,1
DA:222,17
DA:223,1
DA:224,16
DA:225,1
DA:226,15
DA:227,1
DA:230,14
DA:231,14
DA:234,14
DA:246,20
DA:247,1
DA:248,19
DA:249,1
DA:252,18
DA:264,2
DA:265,1
DA:266,1
DA:267,1
DA:270,0
DA:274,66
DA:275,22
DA:277,44
DA:279,44
DA:280,21
DA:281,21
DA:283,23
DA:284,23
DA:285,0
DA:286,0
DA:289,23
DA:290,11
DA:291,11
DA:292,11
DA:293,11
DA:296,12
DA:299,12
DA:300,12
DA:301,12
DA:302,0
DA:305,12
DA:306,12
DA:316,18
DA:317,18
DA:318,18
DA:330,60
DA:331,24
DA:333,36
DA:342,88
DA:347,66
DA:352,65
DA:354,1
DA:355,1
DA:356,1
DA:357,1
DA:359,22
DA:361,0
DA:380,1
LF:117
LH:112
BRDA:64,0,0,1
BRDA:64,0,1,33
BRDA:64,1,0,34
BRDA:64,1,1,33
BRDA:64,1,2,33
BRDA:66,2,0,1
BRDA:66,2,1,32
BRDA:68,3,0,1
BRDA:68,3,1,31
BRDA:70,4,0,1
BRDA:70,4,1,30
BRDA:72,5,0,1
BRDA:72,5,1,29
BRDA:74,6,0,1
BRDA:74,6,1,28
BRDA:76,7,0,1
BRDA:76,7,1,27
BRDA:77,8,0,28
BRDA:77,8,1,15
BRDA:77,8,2,14
BRDA:82,9,0,1
BRDA:82,9,1,26
BRDA:83,10,0,27
BRDA:83,10,1,3
BRDA:83,10,2,2
BRDA:94,11,0,26
BRDA:94,11,1,26
BRDA:139,12,0,1
BRDA:139,12,1,12
BRDA:152,13,0,1
BRDA:152,13,1,23
BRDA:152,14,0,24
BRDA:152,14,1,13
BRDA:156,15,0,1
BRDA:156,15,1,22
BRDA:156,16,0,23
BRDA:156,16,1,1
BRDA:160,17,0,12
BRDA:160,17,1,10
BRDA:181,18,0,2
BRDA:181,18,1,24
BRDA:185,19,0,4
BRDA:185,19,1,22
BRDA:186,20,0,26
BRDA:186,20,1,26
BRDA:186,20,2,22
BRDA:190,21,0,3
BRDA:190,21,1,1
BRDA:200,22,0,12
BRDA:200,22,1,10
BRDA:205,23,0,21
BRDA:205,23,1,1
BRDA:220,24,0,1
BRDA:220,24,1,17
BRDA:222,25,0,1
BRDA:222,25,1,16
BRDA:224,26,0,1
BRDA:224,26,1,15
BRDA:226,27,0,1
BRDA:226,27,1,14
BRDA:232,28,0,0
BRDA:232,28,1,14
BRDA:246,29,0,1
BRDA:246,29,1,19
BRDA:246,30,0,20
BRDA:246,30,1,19
BRDA:246,30,2,19
BRDA:248,31,0,1
BRDA:248,31,1,18
BRDA:264,32,0,1
BRDA:264,32,1,1
BRDA:264,33,0,2
BRDA:264,33,1,1
BRDA:264,33,2,1
BRDA:266,34,0,1
BRDA:266,34,1,0
BRDA:274,35,0,22
BRDA:274,35,1,44
BRDA:274,36,0,66
BRDA:274,36,1,44
BRDA:279,37,0,21
BRDA:279,37,1,23
BRDA:284,38,0,0
BRDA:284,38,1,23
BRDA:289,39,0,11
BRDA:289,39,1,12
BRDA:297,40,0,1
BRDA:297,40,1,11
BRDA:301,41,0,0
BRDA:301,41,1,12
BRDA:317,42,0,18
BRDA:317,42,1,0
BRDA:330,43,0,24
BRDA:330,43,1,36
BRDA:330,44,0,60
BRDA:330,44,1,36
BRDA:342,45,0,22
BRDA:342,45,1,44
BRDA:342,45,2,66
BRDA:342,45,3,66
BRDA:342,45,4,22
BRDA:342,45,5,0
BRDA:347,46,0,65
BRDA:347,46,1,1
BRDA:348,47,0,66
BRDA:348,47,1,66
BRDA:348,47,2,3
BRF:107
BRH:101
end_of_record
