TN:
SF:index.js
FNF:0
FNH:0
DA:3,1
DA:4,1
DA:5,1
DA:6,1
DA:7,1
DA:8,1
DA:16,1
LF:7
LH:7
BRF:0
BRH:0
end_of_record
TN:
SF:lib/amqp-connection.js
FN:48,(anonymous_0)
FN:98,(anonymous_1)
FN:105,(anonymous_2)
FN:123,(anonymous_3)
FN:132,(anonymous_4)
FN:150,(anonymous_5)
FN:166,(anonymous_6)
FN:176,(anonymous_7)
FN:189,(anonymous_8)
FNF:9
FNH:5
FNDA:38,(anonymous_0)
FNDA:83,(anonymous_1)
FNDA:23,(anonymous_2)
FNDA:26,(anonymous_3)
FNDA:0,(anonymous_4)
FNDA:31,(anonymous_5)
FNDA:0,(anonymous_6)
FNDA:0,(anonymous_7)
FNDA:0,(anonymous_8)
DA:3,1
DA:4,1
DA:6,1
DA:8,1
DA:9,1
DA:11,1
DA:12,1
DA:13,1
DA:49,38
DA:51,38
DA:52,30
DA:54,8
DA:55,1
DA:57,7
DA:58,4
DA:59,1
DA:60,3
DA:61,1
DA:63,2
DA:64,2
DA:65,1
DA:68,4
DA:72,1
DA:73,3
DA:77,1
DA:78,2
DA:79,1
DA:83,31
DA:89,31
DA:90,31
DA:99,83
DA:106,23
DA:107,1
DA:110,22
DA:111,22
DA:113,22
DA:124,26
DA:125,4
DA:128,22
DA:129,22
DA:132,22
DA:133,22
DA:134,0
DA:135,0
DA:137,22
DA:138,22
DA:139,22
DA:140,0
DA:151,31
DA:155,22
DA:158,22
DA:159,0
DA:162,22
DA:163,22
DA:165,22
DA:166,0
DA:167,0
DA:170,22
DA:171,22
DA:172,22
DA:173,22
DA:174,22
DA:176,0
DA:181,22
DA:182,22
DA:183,22
DA:186,22
DA:187,0
DA:188,0
DA:189,0
DA:190,0
DA:191,0
DA:192,0
DA:193,0
DA:200,0
DA:201,0
DA:212,1
LF:77
LH:61
BRDA:51,0,0,30
BRDA:51,0,1,8
BRDA:54,1,0,1
BRDA:54,1,1,7
BRDA:54,2,0,8
BRDA:54,2,1,7
BRDA:54,2,2,7
BRDA:57,3,0,4
BRDA:57,3,1,3
BRDA:58,4,0,1
BRDA:58,4,1,3
BRDA:58,5,0,4
BRDA:58,5,1,4
BRDA:60,6,0,1
BRDA:60,6,1,2
BRDA:64,7,0,1
BRDA:64,7,1,1
BRDA:64,8,0,2
BRDA:64,8,1,1
BRDA:68,9,0,1
BRDA:68,9,1,3
BRDA:69,10,0,4
BRDA:69,10,1,2
BRDA:69,10,2,1
BRDA:73,11,0,1
BRDA:73,11,1,2
BRDA:74,12,0,3
BRDA:74,12,1,2
BRDA:74,12,2,1
BRDA:78,13,0,1
BRDA:78,13,1,1
BRDA:78,14,0,2
BRDA:78,14,1,2
BRDA:84,15,0,31
BRDA:84,15,1,30
BRDA:85,16,0,31
BRDA:85,16,1,31
BRDA:86,17,0,31
BRDA:86,17,1,31
BRDA:87,18,0,31
BRDA:87,18,1,31
BRDA:106,19,0,1
BRDA:106,19,1,22
BRDA:106,20,0,23
BRDA:106,20,1,1
BRDA:124,21,0,4
BRDA:124,21,1,22
BRDA:124,22,0,26
BRDA:124,22,1,22
BRDA:124,22,2,22
BRDA:133,23,0,0
BRDA:133,23,1,22
BRDA:139,24,0,0
BRDA:139,24,1,22
BRDA:158,25,0,0
BRDA:158,25,1,22
BRDA:165,26,0,0
BRDA:165,26,1,22
BRDA:181,27,0,22
BRDA:181,27,1,0
BRDA:186,28,0,0
BRDA:186,28,1,22
BRDA:186,29,0,22
BRDA:186,29,1,0
BRDA:190,30,0,0
BRDA:190,30,1,0
BRDA:190,31,0,0
BRDA:190,31,1,0
BRDA:200,32,0,0
BRDA:200,32,1,0
BRF:70
BRH:57
end_of_record
TN:
SF:lib/amqp-queue.js
FN:79,(anonymous_0)
FN:134,(anonymous_1)
FN:143,(anonymous_2)
FN:152,(anonymous_3)
FN:162,(anonymous_4)
FN:175,(anonymous_5)
FN:197,(anonymous_6)
FN:211,(anonymous_7)
FN:232,(anonymous_8)
FN:244,(anonymous_9)
FN:246,(anonymous_10)
FN:257,(anonymous_11)
FN:270,(anonymous_12)
FN:277,(anonymous_13)
FN:290,(anonymous_14)
FN:297,(anonymous_15)
FN:309,(anonymous_16)
FN:314,(anonymous_17)
FN:324,(anonymous_18)
FN:339,(anonymous_19)
FN:360,(anonymous_20)
FN:375,(anonymous_21)
FN:429,(anonymous_22)
FN:470,(anonymous_23)
FNF:24
FNH:17
FNDA:41,(anonymous_0)
FNDA:1,(anonymous_1)
FNDA:1,(anonymous_2)
FNDA:84,(anonymous_3)
FNDA:16,(anonymous_4)
FNDA:32,(anonymous_5)
FNDA:33,(anonymous_6)
FNDA:0,(anonymous_7)
FNDA:23,(anonymous_8)
FNDA:5,(anonymous_9)
FNDA:5,(anonymous_10)
FNDA:14,(anonymous_11)
FNDA:25,(anonymous_12)
FNDA:23,(anonymous_13)
FNDA:28,(anonymous_14)
FNDA:26,(anonymous_15)
FNDA:28,(anonymous_16)
FNDA:0,(anonymous_17)
FNDA:0,(anonymous_18)
FNDA:0,(anonymous_19)
FNDA:0,(anonymous_20)
FNDA:0,(anonymous_21)
FNDA:0,(anonymous_22)
FNDA:1,(anonymous_23)
DA:3,1
DA:5,1
DA:7,1
DA:8,1
DA:9,1
DA:11,1
DA:13,1
DA:80,41
DA:82,41
DA:83,1
DA:84,40
DA:85,1
DA:86,39
DA:87,1
DA:88,38
DA:89,1
DA:90,37
DA:91,1
DA:92,36
DA:93,1
DA:94,35
DA:98,1
DA:100,34
DA:104,1
DA:106,33
DA:107,1
DA:110,32
DA:119,32
DA:120,32
DA:121,32
DA:122,32
DA:123,32
DA:125,32
DA:126,32
DA:135,1
DA:144,1
DA:153,84
DA:163,16
DA:164,1
DA:167,15
DA:176,32
DA:177,1
DA:180,31
DA:181,1
DA:184,30
DA:185,30
DA:187,30
DA:198,33
DA:199,33
DA:200,3
DA:201,30
DA:202,0
DA:203,0
DA:204,0
DA:207,30
DA:208,30
DA:211,30
DA:212,30
DA:213,0
DA:214,0
DA:216,30
DA:217,30
DA:218,30
DA:219,0
DA:233,23
DA:234,1
DA:235,22
DA:236,2
DA:237,20
DA:238,1
DA:241,19
DA:242,19
DA:243,19
DA:244,5
DA:245,5
DA:246,5
DA:247,5
DA:248,0
DA:250,5
DA:254,14
DA:257,14
DA:271,25
DA:272,1
DA:275,24
DA:276,23
DA:277,23
DA:291,28
DA:292,1
DA:295,27
DA:296,26
DA:297,26
DA:302,87
DA:303,28
DA:305,59
DA:307,59
DA:308,28
DA:309,28
DA:311,31
DA:312,31
DA:313,0
DA:314,0
DA:317,31
DA:319,31
DA:323,31
DA:324,0
DA:325,0
DA:326,0
DA:331,31
DA:332,8
DA:334,23
DA:335,23
DA:338,31
DA:339,0
DA:340,0
DA:341,0
DA:344,31
DA:346,31
DA:347,31
DA:348,31
DA:349,31
DA:350,31
DA:353,31
DA:354,17
DA:355,17
DA:358,31
DA:359,0
DA:360,0
DA:361,0
DA:362,0
DA:363,0
DA:366,31
DA:367,31
DA:369,0
DA:370,0
DA:371,0
DA:373,0
DA:374,0
DA:375,0
DA:385,49
DA:386,49
DA:387,49
DA:403,8
DA:405,8
DA:408,8
DA:409,4
DA:412,4
DA:413,4
DA:414,4
DA:416,0
DA:429,23
DA:430,0
DA:440,58
DA:445,30
DA:446,30
DA:448,28
DA:450,0
DA:455,60
DA:456,31
DA:457,31
DA:460,60
DA:466,59
DA:468,1
DA:469,1
DA:470,1
DA:471,1
DA:472,1
DA:473,1
DA:474,1
DA:504,1
LF:169
LH:140
BRDA:82,0,0,1
BRDA:82,0,1,40
BRDA:82,1,0,41
BRDA:82,1,1,40
BRDA:82,1,2,40
BRDA:84,2,0,1
BRDA:84,2,1,39
BRDA:86,3,0,1
BRDA:86,3,1,38
BRDA:88,4,0,1
BRDA:88,4,1,37
BRDA:90,5,0,1
BRDA:90,5,1,36
BRDA:92,6,0,1
BRDA:92,6,1,35
BRDA:94,7,0,1
BRDA:94,7,1,34
BRDA:95,8,0,35
BRDA:95,8,1,16
BRDA:95,8,2,16
BRDA:95,8,3,15
BRDA:100,9,0,1
BRDA:100,9,1,33
BRDA:101,10,0,34
BRDA:101,10,1,3
BRDA:101,10,2,2
BRDA:106,11,0,1
BRDA:106,11,1,32
BRDA:106,12,0,33
BRDA:106,12,1,3
BRDA:115,13,0,32
BRDA:115,13,1,32
BRDA:117,14,0,32
BRDA:117,14,1,30
BRDA:163,15,0,1
BRDA:163,15,1,15
BRDA:176,16,0,1
BRDA:176,16,1,31
BRDA:176,17,0,32
BRDA:176,17,1,18
BRDA:180,18,0,1
BRDA:180,18,1,30
BRDA:180,19,0,31
BRDA:180,19,1,1
BRDA:199,20,0,3
BRDA:199,20,1,30
BRDA:199,21,0,33
BRDA:199,21,1,33
BRDA:201,22,0,0
BRDA:201,22,1,30
BRDA:212,23,0,0
BRDA:212,23,1,30
BRDA:218,24,0,0
BRDA:218,24,1,30
BRDA:233,25,0,1
BRDA:233,25,1,22
BRDA:235,26,0,2
BRDA:235,26,1,20
BRDA:237,27,0,1
BRDA:237,27,1,19
BRDA:241,28,0,4
BRDA:241,28,1,15
BRDA:242,29,0,4
BRDA:242,29,1,15
BRDA:243,30,0,5
BRDA:243,30,1,14
BRDA:247,31,0,0
BRDA:247,31,1,5
BRDA:271,32,0,1
BRDA:271,32,1,24
BRDA:271,33,0,25
BRDA:271,33,1,24
BRDA:271,33,2,24
BRDA:275,34,0,23
BRDA:275,34,1,1
BRDA:291,35,0,1
BRDA:291,35,1,27
BRDA:291,36,0,28
BRDA:291,36,1,27
BRDA:291,36,2,27
BRDA:295,37,0,26
BRDA:295,37,1,1
BRDA:302,38,0,28
BRDA:302,38,1,59
BRDA:302,39,0,87
BRDA:302,39,1,59
BRDA:307,40,0,28
BRDA:307,40,1,31
BRDA:312,41,0,0
BRDA:312,41,1,31
BRDA:319,42,0,9
BRDA:319,42,1,22
BRDA:323,43,0,0
BRDA:323,43,1,31
BRDA:331,44,0,8
BRDA:331,44,1,23
BRDA:338,45,0,0
BRDA:338,45,1,31
BRDA:353,46,0,17
BRDA:353,46,1,14
BRDA:358,47,0,0
BRDA:358,47,1,31
BRDA:369,48,0,0
BRDA:369,48,1,0
BRDA:386,49,0,49
BRDA:386,49,1,0
BRDA:408,50,0,4
BRDA:408,50,1,4
BRDA:440,51,0,1
BRDA:440,51,1,2
BRDA:440,51,2,30
BRDA:440,51,3,30
BRDA:440,51,4,28
BRDA:440,51,5,0
BRDA:455,52,0,31
BRDA:455,52,1,29
BRDA:460,53,0,59
BRDA:460,53,1,1
BRDA:461,54,0,60
BRDA:461,54,1,30
BRDA:461,54,2,3
BRDA:461,54,3,2
BRDA:471,55,0,1
BRDA:471,55,1,0
BRDA:471,56,0,1
BRDA:471,56,1,1
BRF:126
BRH:113
end_of_record
TN:
SF:lib/constants.js
FNF:0
FNH:0
DA:3,1
LF:1
LH:1
BRF:0
BRH:0
end_of_record
TN:
SF:lib/lib.js
FN:7,(anonymous_0)
FNF:1
FNH:1
FNDA:6,(anonymous_0)
DA:8,6
DA:9,6
DA:13,1
LF:3
LH:3
BRF:0
BRH:0
end_of_record
TN:
SF:lib/mqtt-connection.js
FN:61,(anonymous_0)
FN:126,(anonymous_1)
FN:133,(anonymous_2)
FN:151,(anonymous_3)
FN:160,(anonymous_4)
FN:178,(anonymous_5)
FN:192,(anonymous_6)
FN:216,(anonymous_7)
FN:255,(anonymous_8)
FNF:9
FNH:7
FNDA:48,(anonymous_0)
FNDA:52,(anonymous_1)
FNDA:29,(anonymous_2)
FNDA:32,(anonymous_3)
FNDA:0,(anonymous_4)
FNDA:59,(anonymous_5)
FNDA:16,(anonymous_6)
FNDA:23,(anonymous_7)
FNDA:0,(anonymous_8)
DA:3,1
DA:4,1
DA:6,1
DA:7,1
DA:9,1
DA:10,1
DA:12,1
DA:13,1
DA:14,1
DA:62,48
DA:64,48
DA:65,38
DA:67,10
DA:68,1
DA:70,9
DA:71,4
DA:72,1
DA:73,3
DA:74,1
DA:76,2
DA:77,2
DA:78,1
DA:81,6
DA:85,1
DA:86,5
DA:90,1
DA:91,4
DA:92,1
DA:93,3
DA:99,1
DA:100,2
DA:104,1
DA:108,39
DA:116,39
DA:117,39
DA:118,39
DA:127,52
DA:134,29
DA:135,1
DA:138,28
DA:139,28
DA:141,28
DA:152,32
DA:153,4
DA:156,28
DA:157,28
DA:160,28
DA:161,28
DA:162,0
DA:163,0
DA:165,28
DA:166,28
DA:167,28
DA:168,0
DA:179,59
DA:193,16
DA:194,1
DA:195,15
DA:196,1
DA:197,14
DA:198,1
DA:199,13
DA:200,1
DA:203,12
DA:217,23
DA:218,1
DA:221,22
DA:225,28
DA:226,28
DA:233,28
DA:234,0
DA:237,28
DA:238,28
DA:239,28
DA:240,28
DA:241,28
DA:242,28
DA:243,28
DA:247,28
DA:248,28
DA:249,28
DA:252,28
DA:253,0
DA:254,0
DA:255,0
DA:256,0
DA:257,0
DA:258,0
DA:259,0
DA:266,28
DA:267,28
DA:268,28
DA:273,0
DA:274,0
DA:279,18
DA:280,18
DA:281,18
DA:287,0
DA:288,0
DA:289,0
DA:302,1
LF:101
LH:85
BRDA:64,0,0,38
BRDA:64,0,1,10
BRDA:67,1,0,1
BRDA:67,1,1,9
BRDA:67,2,0,10
BRDA:67,2,1,9
BRDA:67,2,2,9
BRDA:70,3,0,4
BRDA:70,3,1,5
BRDA:71,4,0,1
BRDA:71,4,1,3
BRDA:71,5,0,4
BRDA:71,5,1,4
BRDA:73,6,0,1
BRDA:73,6,1,2
BRDA:77,7,0,1
BRDA:77,7,1,1
BRDA:77,8,0,2
BRDA:77,8,1,1
BRDA:81,9,0,1
BRDA:81,9,1,5
BRDA:82,10,0,6
BRDA:82,10,1,2
BRDA:82,10,2,1
BRDA:86,11,0,1
BRDA:86,11,1,4
BRDA:87,12,0,5
BRDA:87,12,1,2
BRDA:87,12,2,1
BRDA:91,13,0,1
BRDA:91,13,1,3
BRDA:91,14,0,4
BRDA:91,14,1,2
BRDA:93,15,0,1
BRDA:93,15,1,2
BRDA:94,16,0,3
BRDA:94,16,1,1
BRDA:94,16,2,1
BRDA:94,16,3,1
BRDA:100,17,0,1
BRDA:100,17,1,1
BRDA:101,18,0,2
BRDA:101,18,1,1
BRDA:109,19,0,39
BRDA:109,19,1,38
BRDA:110,20,0,39
BRDA:110,20,1,39
BRDA:111,21,0,39
BRDA:111,21,1,39
BRDA:112,22,0,39
BRDA:112,22,1,39
BRDA:113,23,0,39
BRDA:113,23,1,39
BRDA:134,24,0,1
BRDA:134,24,1,28
BRDA:134,25,0,29
BRDA:134,25,1,1
BRDA:152,26,0,4
BRDA:152,26,1,28
BRDA:152,27,0,32
BRDA:152,27,1,28
BRDA:152,27,2,28
BRDA:161,28,0,0
BRDA:161,28,1,28
BRDA:167,29,0,0
BRDA:167,29,1,28
BRDA:193,30,0,1
BRDA:193,30,1,15
BRDA:195,31,0,1
BRDA:195,31,1,14
BRDA:195,32,0,15
BRDA:195,32,1,15
BRDA:195,32,2,15
BRDA:197,33,0,1
BRDA:197,33,1,13
BRDA:199,34,0,1
BRDA:199,34,1,12
BRDA:205,35,0,1
BRDA:205,35,1,11
BRDA:217,36,0,1
BRDA:217,36,1,22
BRDA:233,37,0,0
BRDA:233,37,1,28
BRDA:247,38,0,28
BRDA:247,38,1,0
BRDA:252,39,0,0
BRDA:252,39,1,28
BRDA:252,40,0,28
BRDA:252,40,1,0
BRDA:256,41,0,0
BRDA:256,41,1,0
BRDA:256,42,0,0
BRDA:256,42,1,0
BRDA:266,43,0,28
BRDA:266,43,1,0
BRDA:266,44,0,28
BRDA:266,44,1,28
BRDA:273,45,0,0
BRDA:273,45,1,0
BRDA:280,46,0,18
BRDA:280,46,1,0
BRDA:287,47,0,0
BRDA:287,47,1,0
BRDA:287,48,0,0
BRDA:287,48,1,0
BRF:105
BRH:87
end_of_record
TN:
SF:lib/mqtt-queue.js
FN:69,(anonymous_0)
FN:119,(anonymous_1)
FN:128,(anonymous_2)
FN:137,(anonymous_3)
FN:147,(anonymous_4)
FN:160,(anonymous_5)
FN:190,(anonymous_6)
FN:203,(anonymous_7)
FN:221,(anonymous_8)
FN:234,(anonymous_9)
FN:248,(anonymous_10)
FN:263,(anonymous_11)
FN:277,(anonymous_12)
FN:282,(anonymous_13)
FN:296,(anonymous_14)
FN:299,(anonymous_15)
FN:355,(anonymous_16)
FNF:17
FNH:12
FNDA:34,(anonymous_0)
FNDA:1,(anonymous_1)
FNDA:1,(anonymous_2)
FNDA:21,(anonymous_3)
FNDA:13,(anonymous_4)
FNDA:24,(anonymous_5)
FNDA:25,(anonymous_6)
FNDA:0,(anonymous_7)
FNDA:18,(anonymous_8)
FNDA:0,(anonymous_9)
FNDA:20,(anonymous_10)
FNDA:2,(anonymous_11)
FNDA:21,(anonymous_12)
FNDA:0,(anonymous_13)
FNDA:0,(anonymous_14)
FNDA:0,(anonymous_15)
FNDA:1,(anonymous_16)
DA:3,1
DA:5,1
DA:6,1
DA:7,1
DA:9,1
DA:70,34
DA:72,34
DA:73,1
DA:74,33
DA:75,1
DA:76,32
DA:77,1
DA:78,31
DA:79,1
DA:80,30
DA:81,1
DA:82,29
DA:83,1
DA:84,28
DA:88,1
DA:90,27
DA:94,1
DA:97,26
DA:105,26
DA:106,26
DA:107,26
DA:108,26
DA:110,26
DA:111,26
DA:120,1
DA:129,1
DA:138,21
DA:148,13
DA:149,1
DA:152,12
DA:161,24
DA:162,1
DA:165,23
DA:166,1
DA:169,22
DA:170,12
DA:177,22
DA:178,22
DA:180,22
DA:191,25
DA:192,25
DA:193,3
DA:196,22
DA:197,22
DA:200,22
DA:201,22
DA:202,22
DA:203,22
DA:205,22
DA:206,22
DA:207,22
DA:208,0
DA:222,18
DA:223,1
DA:224,17
DA:225,2
DA:226,15
DA:227,1
DA:230,14
DA:231,14
DA:234,14
DA:235,0
DA:249,20
DA:250,1
DA:264,2
DA:265,1
DA:270,66
DA:271,22
DA:273,44
DA:275,44
DA:276,21
DA:277,21
DA:279,23
DA:280,23
DA:281,0
DA:282,0
DA:285,23
DA:286,11
DA:287,11
DA:288,11
DA:289,11
DA:293,12
DA:296,12
DA:297,12
DA:298,12
DA:299,0
DA:302,12
DA:303,0
DA:305,12
DA:306,12
DA:315,18
DA:316,18
DA:317,18
DA:329,60
DA:330,24
DA:332,36
DA:341,46
DA:346,24
DA:351,23
DA:353,1
DA:354,1
DA:355,1
DA:356,1
DA:358,22
DA:360,0
DA:381,1
LF:111
LH:104
BRDA:72,0,0,1
BRDA:72,0,1,33
BRDA:72,1,0,34
BRDA:72,1,1,33
BRDA:72,1,2,33
BRDA:74,2,0,1
BRDA:74,2,1,32
BRDA:76,3,0,1
BRDA:76,3,1,31
BRDA:78,4,0,1
BRDA:78,4,1,30
BRDA:80,5,0,1
BRDA:80,5,1,29
BRDA:82,6,0,1
BRDA:82,6,1,28
BRDA:84,7,0,1
BRDA:84,7,1,27
BRDA:85,8,0,28
BRDA:85,8,1,15
BRDA:85,8,2,14
BRDA:90,9,0,1
BRDA:90,9,1,26
BRDA:91,10,0,27
BRDA:91,10,1,3
BRDA:91,10,2,2
BRDA:102,11,0,26
BRDA:102,11,1,26
BRDA:148,12,0,1
BRDA:148,12,1,12
BRDA:161,13,0,1
BRDA:161,13,1,23
BRDA:161,14,0,24
BRDA:161,14,1,13
BRDA:165,15,0,1
BRDA:165,15,1,22
BRDA:165,16,0,23
BRDA:165,16,1,1
BRDA:169,17,0,12
BRDA:169,17,1,10
BRDA:192,18,0,3
BRDA:192,18,1,22
BRDA:192,19,0,25
BRDA:192,19,1,25
BRDA:202,20,0,22
BRDA:202,20,1,0
BRDA:207,21,0,0
BRDA:207,21,1,22
BRDA:222,22,0,1
BRDA:222,22,1,17
BRDA:224,23,0,2
BRDA:224,23,1,15
BRDA:226,24,0,1
BRDA:226,24,1,14
BRDA:232,25,0,0
BRDA:232,25,1,14
BRDA:249,26,0,1
BRDA:249,26,1,19
BRDA:249,27,0,20
BRDA:249,27,1,19
BRDA:249,27,2,19
BRDA:264,28,0,1
BRDA:264,28,1,1
BRDA:264,29,0,2
BRDA:264,29,1,1
BRDA:264,29,2,1
BRDA:270,30,0,22
BRDA:270,30,1,44
BRDA:270,31,0,66
BRDA:270,31,1,44
BRDA:275,32,0,21
BRDA:275,32,1,23
BRDA:280,33,0,0
BRDA:280,33,1,23
BRDA:285,34,0,11
BRDA:285,34,1,12
BRDA:294,35,0,1
BRDA:294,35,1,11
BRDA:298,36,0,0
BRDA:298,36,1,12
BRDA:302,37,0,0
BRDA:302,37,1,12
BRDA:316,38,0,18
BRDA:316,38,1,0
BRDA:329,39,0,24
BRDA:329,39,1,36
BRDA:329,40,0,60
BRDA:329,40,1,36
BRDA:341,41,0,1
BRDA:341,41,1,2
BRDA:341,41,2,24
BRDA:341,41,3,24
BRDA:341,41,4,22
BRDA:341,41,5,0
BRDA:346,42,0,23
BRDA:346,42,1,1
BRDA:347,43,0,24
BRDA:347,43,1,24
BRDA:347,43,2,3
BRF:98
BRH:90
end_of_record
TN:
SF:lib/callback/amqp-connection.js
FN:47,(anonymous_0)
FN:97,(anonymous_1)
FN:104,(anonymous_2)
FN:121,(anonymous_3)
FN:128,(anonymous_4)
FN:135,(anonymous_5)
FN:143,(anonymous_6)
FN:154,(anonymous_7)
FN:165,(anonymous_8)
FN:167,(anonymous_9)
FN:171,(anonymous_10)
FN:192,(anonymous_11)
FNF:12
FNH:9
FNDA:38,(anonymous_0)
FNDA:67,(anonymous_1)
FNDA:23,(anonymous_2)
FNDA:27,(anonymous_3)
FNDA:4,(anonymous_4)
FNDA:22,(anonymous_5)
FNDA:21,(anonymous_6)
FNDA:31,(anonymous_7)
FNDA:22,(anonymous_8)
FNDA:0,(anonymous_9)
FNDA:0,(anonymous_10)
FNDA:0,(anonymous_11)
DA:3,1
DA:4,1
DA:6,1
DA:8,1
DA:10,1
DA:11,1
DA:12,1
DA:48,38
DA:50,38
DA:51,30
DA:53,8
DA:54,1
DA:56,7
DA:57,4
DA:58,1
DA:59,3
DA:60,1
DA:62,2
DA:63,2
DA:64,1
DA:67,4
DA:71,1
DA:72,3
DA:76,1
DA:77,2
DA:78,1
DA:82,31
DA:88,31
DA:89,31
DA:98,67
DA:105,23
DA:106,1
DA:109,22
DA:110,22
DA:112,22
DA:122,27
DA:123,2
DA:126,27
DA:127,5
DA:128,4
DA:130,1
DA:133,22
DA:134,22
DA:135,22
DA:136,22
DA:137,22
DA:138,22
DA:140,22
DA:141,22
DA:142,22
DA:143,21
DA:155,31
DA:159,22
DA:162,22
DA:163,0
DA:165,22
DA:166,22
DA:167,0
DA:170,22
DA:171,0
DA:172,0
DA:175,22
DA:176,22
DA:177,22
DA:178,22
DA:179,22
DA:184,0
DA:185,0
DA:186,0
DA:189,0
DA:190,0
DA:191,0
DA:192,0
DA:193,0
DA:194,0
DA:195,0
DA:196,0
DA:203,0
DA:204,0
DA:215,1
LF:80
LH:63
BRDA:50,0,0,30
BRDA:50,0,1,8
BRDA:53,1,0,1
BRDA:53,1,1,7
BRDA:53,2,0,8
BRDA:53,2,1,7
BRDA:53,2,2,7
BRDA:56,3,0,4
BRDA:56,3,1,3
BRDA:57,4,0,1
BRDA:57,4,1,3
BRDA:57,5,0,4
BRDA:57,5,1,4
BRDA:59,6,0,1
BRDA:59,6,1,2
BRDA:63,7,0,1
BRDA:63,7,1,1
BRDA:63,8,0,2
BRDA:63,8,1,1
BRDA:67,9,0,1
BRDA:67,9,1,3
BRDA:68,10,0,4
BRDA:68,10,1,2
BRDA:68,10,2,1
BRDA:72,11,0,1
BRDA:72,11,1,2
BRDA:73,12,0,3
BRDA:73,12,1,2
BRDA:73,12,2,1
BRDA:77,13,0,1
BRDA:77,13,1,1
BRDA:77,14,0,2
BRDA:77,14,1,2
BRDA:83,15,0,31
BRDA:83,15,1,30
BRDA:84,16,0,31
BRDA:84,16,1,31
BRDA:85,17,0,31
BRDA:85,17,1,31
BRDA:86,18,0,31
BRDA:86,18,1,31
BRDA:105,19,0,1
BRDA:105,19,1,22
BRDA:105,20,0,23
BRDA:105,20,1,1
BRDA:122,21,0,2
BRDA:122,21,1,25
BRDA:126,22,0,5
BRDA:126,22,1,22
BRDA:126,23,0,27
BRDA:126,23,1,22
BRDA:126,23,2,22
BRDA:127,24,0,4
BRDA:127,24,1,1
BRDA:136,25,0,22
BRDA:136,25,1,0
BRDA:142,26,0,21
BRDA:142,26,1,1
BRDA:162,27,0,0
BRDA:162,27,1,22
BRDA:166,28,0,0
BRDA:166,28,1,22
BRDA:170,29,0,0
BRDA:170,29,1,22
BRDA:184,30,0,0
BRDA:184,30,1,0
BRDA:189,31,0,0
BRDA:189,31,1,0
BRDA:189,32,0,0
BRDA:189,32,1,0
BRDA:193,33,0,0
BRDA:193,33,1,0
BRDA:193,34,0,0
BRDA:193,34,1,0
BRDA:203,35,0,0
BRDA:203,35,1,0
BRF:76
BRH:60
end_of_record
TN:
SF:lib/callback/amqp-queue.js
FN:79,(anonymous_0)
FN:134,(anonymous_1)
FN:143,(anonymous_2)
FN:152,(anonymous_3)
FN:162,(anonymous_4)
FN:175,(anonymous_5)
FN:196,(anonymous_6)
FN:204,(anonymous_7)
FN:211,(anonymous_8)
FN:219,(anonymous_9)
FN:227,(anonymous_10)
FN:240,(anonymous_11)
FN:246,(anonymous_12)
FN:248,(anonymous_13)
FN:255,(anonymous_14)
FN:265,(anonymous_15)
FN:277,(anonymous_16)
FN:287,(anonymous_17)
FN:298,(anonymous_18)
FN:308,(anonymous_19)
FN:319,(anonymous_20)
FN:324,(anonymous_21)
FN:332,(anonymous_22)
FN:336,(anonymous_23)
FN:341,(anonymous_24)
FN:349,(anonymous_25)
FN:351,(anonymous_26)
FN:353,(anonymous_27)
FN:357,(anonymous_28)
FN:359,(anonymous_29)
FN:370,(anonymous_30)
FN:376,(anonymous_31)
FN:379,(anonymous_32)
FN:390,(anonymous_33)
FN:396,(anonymous_34)
FN:436,(anonymous_35)
FN:438,(anonymous_36)
FN:441,(anonymous_37)
FN:446,(anonymous_38)
FN:450,(anonymous_39)
FN:454,(anonymous_40)
FN:468,(anonymous_41)
FN:507,(anonymous_42)
FNF:43
FNH:37
FNDA:41,(anonymous_0)
FNDA:1,(anonymous_1)
FNDA:1,(anonymous_2)
FNDA:78,(anonymous_3)
FNDA:16,(anonymous_4)
FNDA:32,(anonymous_5)
FNDA:34,(anonymous_6)
FNDA:3,(anonymous_7)
FNDA:0,(anonymous_8)
FNDA:30,(anonymous_9)
FNDA:29,(anonymous_10)
FNDA:23,(anonymous_11)
FNDA:1,(anonymous_12)
FNDA:1,(anonymous_13)
FNDA:5,(anonymous_14)
FNDA:14,(anonymous_15)
FNDA:25,(anonymous_16)
FNDA:23,(anonymous_17)
FNDA:32,(anonymous_18)
FNDA:30,(anonymous_19)
FNDA:28,(anonymous_20)
FNDA:0,(anonymous_21)
FNDA:31,(anonymous_22)
FNDA:31,(anonymous_23)
FNDA:0,(anonymous_24)
FNDA:31,(anonymous_25)
FNDA:8,(anonymous_26)
FNDA:23,(anonymous_27)
FNDA:31,(anonymous_28)
FNDA:0,(anonymous_29)
FNDA:31,(anonymous_30)
FNDA:17,(anonymous_31)
FNDA:31,(anonymous_32)
FNDA:0,(anonymous_33)
FNDA:0,(anonymous_34)
FNDA:8,(anonymous_35)
FNDA:8,(anonymous_36)
FNDA:8,(anonymous_37)
FNDA:4,(anonymous_38)
FNDA:4,(anonymous_39)
FNDA:8,(anonymous_40)
FNDA:23,(anonymous_41)
FNDA:1,(anonymous_42)
DA:3,1
DA:5,1
DA:6,1
DA:8,1
DA:9,1
DA:11,1
DA:13,1
DA:80,41
DA:82,41
DA:83,1
DA:84,40
DA:85,1
DA:86,39
DA:87,1
DA:88,38
DA:89,1
DA:90,37
DA:91,1
DA:92,36
DA:93,1
DA:94,35
DA:98,1
DA:100,34
DA:104,1
DA:106,33
DA:107,1
DA:110,32
DA:119,32
DA:120,32
DA:121,32
DA:122,32
DA:123,32
DA:125,32
DA:126,32
DA:135,1
DA:144,1
DA:153,78
DA:163,16
DA:164,1
DA:167,15
DA:176,32
DA:177,1
DA:180,31
DA:181,1
DA:184,30
DA:185,30
DA:187,30
DA:197,34
DA:198,2
DA:201,34
DA:202,34
DA:203,4
DA:204,3
DA:206,1
DA:207,30
DA:208,0
DA:209,0
DA:210,0
DA:211,0
DA:213,0
DA:216,30
DA:217,30
DA:219,30
DA:220,30
DA:221,30
DA:222,30
DA:224,30
DA:225,30
DA:226,30
DA:227,29
DA:241,23
DA:242,1
DA:243,22
DA:244,1
DA:245,21
DA:246,1
DA:247,20
DA:248,1
DA:251,19
DA:252,19
DA:253,19
DA:254,5
DA:255,5
DA:256,5
DA:257,0
DA:259,5
DA:262,14
DA:265,14
DA:278,25
DA:279,1
DA:280,24
DA:281,1
DA:284,23
DA:285,23
DA:287,23
DA:299,32
DA:300,1
DA:301,31
DA:302,1
DA:305,30
DA:306,30
DA:308,30
DA:312,87
DA:313,28
DA:315,59
DA:317,59
DA:318,28
DA:319,28
DA:321,31
DA:322,31
DA:323,0
DA:324,0
DA:327,31
DA:329,31
DA:333,31
DA:336,31
DA:337,31
DA:338,0
DA:340,31
DA:341,0
DA:342,0
DA:344,31
DA:345,31
DA:350,31
DA:351,8
DA:353,23
DA:358,31
DA:359,0
DA:360,0
DA:362,31
DA:363,31
DA:364,31
DA:365,31
DA:366,31
DA:367,31
DA:371,31
DA:372,14
DA:375,17
DA:376,17
DA:380,31
DA:381,31
DA:382,0
DA:383,0
DA:384,0
DA:386,0
DA:387,0
DA:389,0
DA:390,0
DA:393,31
DA:394,0
DA:395,0
DA:396,0
DA:397,0
DA:399,0
DA:401,31
DA:402,31
DA:413,53
DA:414,53
DA:415,53
DA:431,8
DA:433,8
DA:437,8
DA:438,8
DA:442,8
DA:443,4
DA:446,4
DA:447,4
DA:448,0
DA:450,4
DA:455,8
DA:468,23
DA:477,58
DA:482,30
DA:483,30
DA:485,28
DA:487,0
DA:492,30
DA:493,1
DA:494,1
DA:497,30
DA:503,29
DA:505,1
DA:506,1
DA:507,1
DA:508,1
DA:509,1
DA:510,1
DA:511,1
DA:541,1
LF:189
LH:162
BRDA:82,0,0,1
BRDA:82,0,1,40
BRDA:82,1,0,41
BRDA:82,1,1,40
BRDA:82,1,2,40
BRDA:84,2,0,1
BRDA:84,2,1,39
BRDA:86,3,0,1
BRDA:86,3,1,38
BRDA:88,4,0,1
BRDA:88,4,1,37
BRDA:90,5,0,1
BRDA:90,5,1,36
BRDA:92,6,0,1
BRDA:92,6,1,35
BRDA:94,7,0,1
BRDA:94,7,1,34
BRDA:95,8,0,35
BRDA:95,8,1,16
BRDA:95,8,2,16
BRDA:95,8,3,15
BRDA:100,9,0,1
BRDA:100,9,1,33
BRDA:101,10,0,34
BRDA:101,10,1,3
BRDA:101,10,2,2
BRDA:106,11,0,1
BRDA:106,11,1,32
BRDA:106,12,0,33
BRDA:106,12,1,3
BRDA:115,13,0,32
BRDA:115,13,1,32
BRDA:117,14,0,32
BRDA:117,14,1,30
BRDA:163,15,0,1
BRDA:163,15,1,15
BRDA:176,16,0,1
BRDA:176,16,1,31
BRDA:176,17,0,32
BRDA:176,17,1,18
BRDA:180,18,0,1
BRDA:180,18,1,30
BRDA:180,19,0,31
BRDA:180,19,1,1
BRDA:197,20,0,2
BRDA:197,20,1,32
BRDA:202,21,0,4
BRDA:202,21,1,30
BRDA:202,22,0,34
BRDA:202,22,1,34
BRDA:203,23,0,3
BRDA:203,23,1,1
BRDA:207,24,0,0
BRDA:207,24,1,30
BRDA:210,25,0,0
BRDA:210,25,1,0
BRDA:220,26,0,30
BRDA:220,26,1,0
BRDA:226,27,0,29
BRDA:226,27,1,1
BRDA:241,28,0,1
BRDA:241,28,1,22
BRDA:243,29,0,1
BRDA:243,29,1,21
BRDA:245,30,0,1
BRDA:245,30,1,20
BRDA:247,31,0,1
BRDA:247,31,1,19
BRDA:251,32,0,4
BRDA:251,32,1,15
BRDA:252,33,0,4
BRDA:252,33,1,15
BRDA:253,34,0,5
BRDA:253,34,1,14
BRDA:256,35,0,0
BRDA:256,35,1,5
BRDA:278,36,0,1
BRDA:278,36,1,24
BRDA:278,37,0,25
BRDA:278,37,1,24
BRDA:278,37,2,24
BRDA:280,38,0,1
BRDA:280,38,1,23
BRDA:284,39,0,23
BRDA:284,39,1,0
BRDA:299,40,0,1
BRDA:299,40,1,31
BRDA:299,41,0,32
BRDA:299,41,1,31
BRDA:299,41,2,31
BRDA:301,42,0,1
BRDA:301,42,1,30
BRDA:305,43,0,30
BRDA:305,43,1,0
BRDA:312,44,0,28
BRDA:312,44,1,59
BRDA:312,45,0,87
BRDA:312,45,1,59
BRDA:317,46,0,28
BRDA:317,46,1,31
BRDA:322,47,0,0
BRDA:322,47,1,31
BRDA:333,48,0,9
BRDA:333,48,1,22
BRDA:337,49,0,0
BRDA:337,49,1,31
BRDA:340,50,0,0
BRDA:340,50,1,31
BRDA:350,51,0,8
BRDA:350,51,1,23
BRDA:358,52,0,0
BRDA:358,52,1,31
BRDA:371,53,0,14
BRDA:371,53,1,17
BRDA:381,54,0,0
BRDA:381,54,1,31
BRDA:382,55,0,0
BRDA:382,55,1,0
BRDA:386,56,0,0
BRDA:386,56,1,0
BRDA:393,57,0,0
BRDA:393,57,1,31
BRDA:394,58,0,0
BRDA:394,58,1,0
BRDA:414,59,0,53
BRDA:414,59,1,0
BRDA:442,60,0,4
BRDA:442,60,1,4
BRDA:447,61,0,0
BRDA:447,61,1,4
BRDA:477,62,0,1
BRDA:477,62,1,2
BRDA:477,62,2,30
BRDA:477,62,3,30
BRDA:477,62,4,28
BRDA:477,62,5,0
BRDA:492,63,0,1
BRDA:492,63,1,29
BRDA:497,64,0,29
BRDA:497,64,1,1
BRDA:498,65,0,30
BRDA:498,65,1,30
BRDA:498,65,2,3
BRDA:498,65,3,2
BRDA:508,66,0,1
BRDA:508,66,1,0
BRDA:508,67,0,1
BRDA:508,67,1,1
BRF:148
BRH:125
end_of_record
TN:
SF:lib/callback/index.js
FNF:0
FNH:0
DA:3,1
DA:4,1
DA:5,1
DA:6,1
DA:14,1
LF:5
LH:5
BRF:0
BRH:0
end_of_record
TN:
SF:lib/callback/mqtt-connection.js
FN:60,(anonymous_0)
FN:125,(anonymous_1)
FN:132,(anonymous_2)
FN:149,(anonymous_3)
FN:156,(anonymous_4)
FN:164,(anonymous_5)
FN:172,(anonymous_6)
FN:183,(anonymous_7)
FN:197,(anonymous_8)
FN:221,(anonymous_9)
FN:260,(anonymous_10)
FNF:11
FNH:10
FNDA:48,(anonymous_0)
FNDA:48,(anonymous_1)
FNDA:29,(anonymous_2)
FNDA:33,(anonymous_3)
FNDA:4,(anonymous_4)
FNDA:28,(anonymous_5)
FNDA:27,(anonymous_6)
FNDA:59,(anonymous_7)
FNDA:16,(anonymous_8)
FNDA:23,(anonymous_9)
FNDA:0,(anonymous_10)
DA:3,1
DA:4,1
DA:6,1
DA:7,1
DA:9,1
DA:11,1
DA:12,1
DA:13,1
DA:61,48
DA:63,48
DA:64,38
DA:66,10
DA:67,1
DA:69,9
DA:70,4
DA:71,1
DA:72,3
DA:73,1
DA:75,2
DA:76,2
DA:77,1
DA:80,6
DA:84,1
DA:85,5
DA:89,1
DA:90,4
DA:91,1
DA:92,3
DA:98,1
DA:99,2
DA:103,1
DA:107,39
DA:115,39
DA:116,39
DA:117,39
DA:126,48
DA:133,29
DA:134,1
DA:137,28
DA:138,28
DA:140,28
DA:150,33
DA:151,2
DA:154,33
DA:155,5
DA:156,4
DA:158,1
DA:161,28
DA:162,28
DA:164,28
DA:165,28
DA:166,0
DA:167,0
DA:169,28
DA:170,28
DA:171,28
DA:172,27
DA:184,59
DA:198,16
DA:199,1
DA:200,15
DA:201,1
DA:202,14
DA:203,1
DA:204,13
DA:205,1
DA:208,12
DA:222,23
DA:223,1
DA:226,22
DA:230,28
DA:231,28
DA:238,28
DA:239,0
DA:242,28
DA:243,28
DA:244,28
DA:245,28
DA:246,28
DA:247,28
DA:248,28
DA:252,28
DA:253,28
DA:254,28
DA:257,28
DA:258,0
DA:259,0
DA:260,0
DA:261,0
DA:262,0
DA:263,0
DA:264,0
DA:271,28
DA:272,28
DA:273,28
DA:278,0
DA:279,0
DA:284,18
DA:285,18
DA:286,18
DA:292,0
DA:293,0
DA:294,0
DA:307,1
LF:104
LH:89
BRDA:63,0,0,38
BRDA:63,0,1,10
BRDA:66,1,0,1
BRDA:66,1,1,9
BRDA:66,2,0,10
BRDA:66,2,1,9
BRDA:66,2,2,9
BRDA:69,3,0,4
BRDA:69,3,1,5
BRDA:70,4,0,1
BRDA:70,4,1,3
BRDA:70,5,0,4
BRDA:70,5,1,4
BRDA:72,6,0,1
BRDA:72,6,1,2
BRDA:76,7,0,1
BRDA:76,7,1,1
BRDA:76,8,0,2
BRDA:76,8,1,1
BRDA:80,9,0,1
BRDA:80,9,1,5
BRDA:81,10,0,6
BRDA:81,10,1,2
BRDA:81,10,2,1
BRDA:85,11,0,1
BRDA:85,11,1,4
BRDA:86,12,0,5
BRDA:86,12,1,2
BRDA:86,12,2,1
BRDA:90,13,0,1
BRDA:90,13,1,3
BRDA:90,14,0,4
BRDA:90,14,1,2
BRDA:92,15,0,1
BRDA:92,15,1,2
BRDA:93,16,0,3
BRDA:93,16,1,1
BRDA:93,16,2,1
BRDA:93,16,3,1
BRDA:99,17,0,1
BRDA:99,17,1,1
BRDA:100,18,0,2
BRDA:100,18,1,1
BRDA:108,19,0,39
BRDA:108,19,1,38
BRDA:109,20,0,39
BRDA:109,20,1,39
BRDA:110,21,0,39
BRDA:110,21,1,39
BRDA:111,22,0,39
BRDA:111,22,1,39
BRDA:112,23,0,39
BRDA:112,23,1,39
BRDA:133,24,0,1
BRDA:133,24,1,28
BRDA:133,25,0,29
BRDA:133,25,1,1
BRDA:150,26,0,2
BRDA:150,26,1,31
BRDA:154,27,0,5
BRDA:154,27,1,28
BRDA:154,28,0,33
BRDA:154,28,1,28
BRDA:154,28,2,28
BRDA:155,29,0,4
BRDA:155,29,1,1
BRDA:165,30,0,0
BRDA:165,30,1,28
BRDA:171,31,0,27
BRDA:171,31,1,1
BRDA:198,32,0,1
BRDA:198,32,1,15
BRDA:200,33,0,1
BRDA:200,33,1,14
BRDA:200,34,0,15
BRDA:200,34,1,15
BRDA:200,34,2,15
BRDA:202,35,0,1
BRDA:202,35,1,13
BRDA:204,36,0,1
BRDA:204,36,1,12
BRDA:210,37,0,1
BRDA:210,37,1,11
BRDA:222,38,0,1
BRDA:222,38,1,22
BRDA:238,39,0,0
BRDA:238,39,1,28
BRDA:252,40,0,28
BRDA:252,40,1,0
BRDA:257,41,0,0
BRDA:257,41,1,28
BRDA:257,42,0,28
BRDA:257,42,1,0
BRDA:261,43,0,0
BRDA:261,43,1,0
BRDA:261,44,0,0
BRDA:261,44,1,0
BRDA:271,45,0,28
BRDA:271,45,1,0
BRDA:271,46,0,28
BRDA:271,46,1,28
BRDA:278,47,0,0
BRDA:278,47,1,0
BRDA:285,48,0,18
BRDA:285,48,1,0
BRDA:292,49,0,0
BRDA:292,49,1,0
BRDA:292,50,0,0
BRDA:292,50,1,0
BRF:109
BRH:92
end_of_record
TN:
SF:lib/callback/mqtt-queue.js
FN:68,(anonymous_0)
FN:118,(anonymous_1)
FN:127,(anonymous_2)
FN:136,(anonymous_3)
FN:146,(anonymous_4)
FN:159,(anonymous_5)
FN:188,(anonymous_6)
FN:196,(anonymous_7)
FN:209,(anonymous_8)
FN:213,(anonymous_9)
FN:217,(anonymous_10)
FN:230,(anonymous_11)
FN:236,(anonymous_12)
FN:238,(anonymous_13)
FN:245,(anonymous_14)
FN:256,(anonymous_15)
FN:263,(anonymous_16)
FN:274,(anonymous_17)
FN:281,(anonymous_18)
FN:292,(anonymous_19)
FN:297,(anonymous_20)
FN:310,(anonymous_21)
FN:313,(anonymous_22)
FN:370,(anonymous_23)
FNF:24
FNH:20
FNDA:34,(anonymous_0)
FNDA:1,(anonymous_1)
FNDA:1,(anonymous_2)
FNDA:20,(anonymous_3)
FNDA:13,(anonymous_4)
FNDA:24,(anonymous_5)
FNDA:26,(anonymous_6)
FNDA:3,(anonymous_7)
FNDA:0,(anonymous_8)
FNDA:22,(anonymous_9)
FNDA:21,(anonymous_10)
FNDA:18,(anonymous_11)
FNDA:1,(anonymous_12)
FNDA:1,(anonymous_13)
FNDA:14,(anonymous_14)
FNDA:20,(anonymous_15)
FNDA:18,(anonymous_16)
FNDA:2,(anonymous_17)
FNDA:0,(anonymous_18)
FNDA:21,(anonymous_19)
FNDA:0,(anonymous_20)
FNDA:12,(anonymous_21)
FNDA:0,(anonymous_22)
FNDA:1,(anonymous_23)
DA:3,1
DA:5,1
DA:6,1
DA:8,1
DA:69,34
DA:71,34
DA:72,1
DA:73,33
DA:74,1
DA:75,32
DA:76,1
DA:77,31
DA:78,1
DA:79,30
DA:80,1
DA:81,29
DA:82,1
DA:83,28
DA:87,1
DA:89,27
DA:93,1
DA:96,26
DA:104,26
DA:105,26
DA:106,26
DA:107,26
DA:109,26
DA:110,26
DA:119,1
DA:128,1
DA:137,20
DA:147,13
DA:148,1
DA:151,12
DA:160,24
DA:161,1
DA:164,23
DA:165,1
DA:168,22
DA:169,12
DA:176,22
DA:177,22
DA:179,22
DA:189,26
DA:190,2
DA:193,26
DA:194,26
DA:195,4
DA:196,3
DA:198,1
DA:201,22
DA:202,22
DA:203,22
DA:204,22
DA:205,22
DA:206,0
DA:207,0
DA:208,0
DA:209,0
DA:211,0
DA:213,22
DA:214,22
DA:215,22
DA:216,22
DA:217,21
DA:231,18
DA:232,1
DA:233,17
DA:234,1
DA:235,16
DA:236,1
DA:237,15
DA:238,1
DA:241,14
DA:242,14
DA:245,14
DA:257,20
DA:258,1
DA:259,19
DA:260,1
DA:263,18
DA:275,2
DA:276,1
DA:277,1
DA:278,1
DA:281,0
DA:285,66
DA:286,22
DA:288,44
DA:290,44
DA:291,21
DA:292,21
DA:294,23
DA:295,23
DA:296,0
DA:297,0
DA:300,23
DA:301,11
DA:302,11
DA:303,11
DA:304,11
DA:307,12
DA:310,12
DA:311,12
DA:312,12
DA:313,0
DA:316,12
DA:317,0
DA:319,12
DA:320,12
DA:330,18
DA:331,18
DA:332,18
DA:344,60
DA:345,24
DA:347,36
DA:356,46
DA:361,24
DA:366,23
DA:368,1
DA:369,1
DA:370,1
DA:371,1
DA:373,22
DA:375,0
DA:396,1
LF:126
LH:115
BRDA:71,0,0,1
BRDA:71,0,1,33
BRDA:71,1,0,34
BRDA:71,1,1,33
BRDA:71,1,2,33
BRDA:73,2,0,1
BRDA:73,2,1,32
BRDA:75,3,0,1
BRDA:75,3,1,31
BRDA:77,4,0,1
BRDA:77,4,1,30
BRDA:79,5,0,1
BRDA:79,5,1,29
BRDA:81,6,0,1
BRDA:81,6,1,28
BRDA:83,7,0,1
BRDA:83,7,1,27
BRDA:84,8,0,28
BRDA:84,8,1,15
BRDA:84,8,2,14
BRDA:89,9,0,1
BRDA:89,9,1,26
BRDA:90,10,0,27
BRDA:90,10,1,3
BRDA:90,10,2,2
BRDA:101,11,0,26
BRDA:101,11,1,26
BRDA:147,12,0,1
BRDA:147,12,1,12
BRDA:160,13,0,1
BRDA:160,13,1,23
BRDA:160,14,0,24
BRDA:160,14,1,13
BRDA:164,15,0,1
BRDA:164,15,1,22
BRDA:164,16,0,23
BRDA:164,16,1,1
BRDA:168,17,0,12
BRDA:168,17,1,10
BRDA:189,18,0,2
BRDA:189,18,1,24
BRDA:194,19,0,4
BRDA:194,19,1,22
BRDA:194,20,0,26
BRDA:194,20,1,26
BRDA:195,21,0,3
BRDA:195,21,1,1
BRDA:205,22,0,0
BRDA:205,22,1,22
BRDA:208,23,0,0
BRDA:208,23,1,0
BRDA:216,24,0,21
BRDA:216,24,1,1
BRDA:231,25,0,1
BRDA:231,25,1,17
BRDA:233,26,0,1
BRDA:233,26,1,16
BRDA:235,27,0,1
BRDA:235,27,1,15
BRDA:237,28,0,1
BRDA:237,28,1,14
BRDA:243,29,0,0
BRDA:243,29,1,14
BRDA:257,30,0,1
BRDA:257,30,1,19
BRDA:257,31,0,20
BRDA:257,31,1,19
BRDA:257,31,2,19
BRDA:259,32,0,1
BRDA:259,32,1,18
BRDA:275,33,0,1
BRDA:275,33,1,1
BRDA:275,34,0,2
BRDA:275,34,1,1
BRDA:275,34,2,1
BRDA:277,35,0,1
BRDA:277,35,1,0
BRDA:285,36,0,22
BRDA:285,36,1,44
BRDA:285,37,0,66
BRDA:285,37,1,44
BRDA:290,38,0,21
BRDA:290,38,1,23
BRDA:295,39,0,0
BRDA:295,39,1,23
BRDA:300,40,0,11
BRDA:300,40,1,12
BRDA:308,41,0,1
BRDA:308,41,1,11
BRDA:312,42,0,0
BRDA:312,42,1,12
BRDA:316,43,0,0
BRDA:316,43,1,12
BRDA:331,44,0,18
BRDA:331,44,1,0
BRDA:344,45,0,24
BRDA:344,45,1,36
BRDA:344,46,0,60
BRDA:344,46,1,36
BRDA:356,47,0,1
BRDA:356,47,1,2
BRDA:356,47,2,24
BRDA:356,47,3,24
BRDA:356,47,4,22
BRDA:356,47,5,0
BRDA:361,48,0,23
BRDA:361,48,1,1
BRDA:362,49,0,24
BRDA:362,49,1,24
BRDA:362,49,2,3
BRF:110
BRH:100
end_of_record
